<?xml version="1.0" encoding="UTF-8"?>
<robot generator="Robot 5.0.1 (Python 3.8.10 on linux)" generated="20220801 20:58:54.026" rpa="false" schemaversion="3">
<suite id="s1" name="Test" source="/home/ferdian/Documents/My Github Project/robot-framework-project/test">
<suite id="s1-s1" name="Admin.Test" source="/home/ferdian/Documents/My Github Project/robot-framework-project/test/admin.test.robot">
<kw name="Login to OrangeHRM Website" library="login.resource" type="SETUP">
<doc>Jika Verifikasi Failed, Berarti Akun Admin sedang Bermasalah dan Tidak bisa Login</doc>
<kw name="Open Browser" library="SeleniumLibrary">
<arg>${LoginUrl}</arg>
<arg>${Browser}</arg>
<doc>Opens a new browser instance to the optional ``url``.</doc>
<msg timestamp="20220801 20:58:54.141" level="INFO">Opening browser 'Chrome' to base url 'https://opensource-demo.orangehrmlive.com/'.</msg>
<status status="PASS" starttime="20220801 20:58:54.141" endtime="20220801 20:59:04.613"/>
</kw>
<kw name="Input Text" library="SeleniumLibrary">
<arg>id:txtUsername</arg>
<arg>${userLogin}</arg>
<doc>Types the given ``text`` into the text field identified by ``locator``.</doc>
<msg timestamp="20220801 20:59:04.615" level="INFO">Typing text 'Admin' into text field 'id:txtUsername'.</msg>
<status status="PASS" starttime="20220801 20:59:04.614" endtime="20220801 20:59:04.665"/>
</kw>
<kw name="Input Text" library="SeleniumLibrary">
<arg>id:txtPassword</arg>
<arg>${password}</arg>
<doc>Types the given ``text`` into the text field identified by ``locator``.</doc>
<msg timestamp="20220801 20:59:04.666" level="INFO">Typing text 'admin123' into text field 'id:txtPassword'.</msg>
<status status="PASS" starttime="20220801 20:59:04.666" endtime="20220801 20:59:04.708"/>
</kw>
<kw name="Click Element" library="SeleniumLibrary">
<arg>id:btnLogin</arg>
<doc>Click the element identified by ``locator``.</doc>
<msg timestamp="20220801 20:59:04.708" level="INFO">Clicking element 'id:btnLogin'.</msg>
<status status="PASS" starttime="20220801 20:59:04.708" endtime="20220801 20:59:12.507"/>
</kw>
<kw name="Page Should Contain Image" library="SeleniumLibrary">
<arg>xpath://img[@alt="OrangeHRM"]</arg>
<doc>Verifies image identified by ``locator`` is found from current page.</doc>
<msg timestamp="20220801 20:59:12.516" level="INFO">Current page contains image 'xpath://img[@alt="OrangeHRM"]'.</msg>
<status status="PASS" starttime="20220801 20:59:12.507" endtime="20220801 20:59:12.516"/>
</kw>
<status status="PASS" starttime="20220801 20:58:54.140" endtime="20220801 20:59:12.516"/>
</kw>
<test id="s1-s1-t1" name="Admin Successfully Go To Admin Menu" line="9">
<kw name="Click Admin Menu" library="admin.resource">
<kw name="Wait Until Element Is Visible" library="SeleniumLibrary">
<arg>id:menu_admin_viewAdminModule</arg>
<arg>30s</arg>
<doc>Waits until the element ``locator`` is visible.</doc>
<status status="PASS" starttime="20220801 20:59:12.518" endtime="20220801 20:59:12.534"/>
</kw>
<kw name="Click Element" library="SeleniumLibrary">
<arg>id:menu_admin_viewAdminModule</arg>
<doc>Click the element identified by ``locator``.</doc>
<msg timestamp="20220801 20:59:12.534" level="INFO">Clicking element 'id:menu_admin_viewAdminModule'.</msg>
<status status="PASS" starttime="20220801 20:59:12.534" endtime="20220801 20:59:15.892"/>
</kw>
<status status="PASS" starttime="20220801 20:59:12.517" endtime="20220801 20:59:15.892"/>
</kw>
<kw name="Verify Admin Menu Open" library="admin.resource">
<kw name="Element Should Contain" library="SeleniumLibrary">
<arg>xpath://li[@class="selected"]/a</arg>
<arg>User Management</arg>
<doc>Verifies that element ``locator`` contains text ``expected``.</doc>
<msg timestamp="20220801 20:59:15.909" level="INFO">Element 'xpath://li[@class="selected"]/a' contains text 'User Management'.</msg>
<status status="PASS" starttime="20220801 20:59:15.892" endtime="20220801 20:59:15.909"/>
</kw>
<kw name="Element Should Contain" library="SeleniumLibrary">
<arg>xpath://div[@class="head"]/h1</arg>
<arg>System Users</arg>
<doc>Verifies that element ``locator`` contains text ``expected``.</doc>
<msg timestamp="20220801 20:59:15.921" level="INFO">Element 'xpath://div[@class="head"]/h1' contains text 'System Users'.</msg>
<status status="PASS" starttime="20220801 20:59:15.909" endtime="20220801 20:59:15.921"/>
</kw>
<status status="PASS" starttime="20220801 20:59:15.892" endtime="20220801 20:59:15.921"/>
</kw>
<tag>Positive</tag>
<status status="PASS" starttime="20220801 20:59:12.517" endtime="20220801 20:59:15.922"/>
</test>
<test id="s1-s1-t2" name="Admin Successfully Create New User" line="14">
<kw name="Click Admin Menu" library="admin.resource">
<kw name="Wait Until Element Is Visible" library="SeleniumLibrary">
<arg>id:menu_admin_viewAdminModule</arg>
<arg>30s</arg>
<doc>Waits until the element ``locator`` is visible.</doc>
<status status="PASS" starttime="20220801 20:59:15.923" endtime="20220801 20:59:15.936"/>
</kw>
<kw name="Click Element" library="SeleniumLibrary">
<arg>id:menu_admin_viewAdminModule</arg>
<doc>Click the element identified by ``locator``.</doc>
<msg timestamp="20220801 20:59:15.936" level="INFO">Clicking element 'id:menu_admin_viewAdminModule'.</msg>
<status status="PASS" starttime="20220801 20:59:15.936" endtime="20220801 20:59:18.023"/>
</kw>
<status status="PASS" starttime="20220801 20:59:15.923" endtime="20220801 20:59:18.023"/>
</kw>
<kw name="Click Add Button" library="admin.resource">
<kw name="Click Element" library="SeleniumLibrary">
<arg>id:btnAdd</arg>
<doc>Click the element identified by ``locator``.</doc>
<msg timestamp="20220801 20:59:18.023" level="INFO">Clicking element 'id:btnAdd'.</msg>
<status status="PASS" starttime="20220801 20:59:18.023" endtime="20220801 20:59:19.653"/>
</kw>
<status status="PASS" starttime="20220801 20:59:18.023" endtime="20220801 20:59:19.653"/>
</kw>
<kw name="Choose User Role" library="admin.resource">
<arg>${userRole}</arg>
<kw name="Click Element" library="SeleniumLibrary">
<arg>id:systemUser_userType</arg>
<doc>Click the element identified by ``locator``.</doc>
<msg timestamp="20220801 20:59:19.654" level="INFO">Clicking element 'id:systemUser_userType'.</msg>
<status status="PASS" starttime="20220801 20:59:19.654" endtime="20220801 20:59:19.690"/>
</kw>
<kw name="Select From List By Label" library="SeleniumLibrary">
<arg>id:systemUser_userType</arg>
<arg>${role}</arg>
<doc>Selects options from selection list ``locator`` by ``labels``.</doc>
<msg timestamp="20220801 20:59:19.691" level="INFO">Selecting options from selection list 'id:systemUser_userType' by label Admin.</msg>
<status status="PASS" starttime="20220801 20:59:19.690" endtime="20220801 20:59:19.724"/>
</kw>
<kw name="Sleep" library="BuiltIn">
<arg>1.5s</arg>
<doc>Pauses the test executed for the given time.</doc>
<msg timestamp="20220801 20:59:21.224" level="INFO">Slept 1 second 500 milliseconds</msg>
<status status="PASS" starttime="20220801 20:59:19.724" endtime="20220801 20:59:21.224"/>
</kw>
<status status="PASS" starttime="20220801 20:59:19.654" endtime="20220801 20:59:21.225"/>
</kw>
<kw name="Input Employee Name" library="admin.resource">
<arg>${EmployeeName}</arg>
<kw name="Input Text" library="SeleniumLibrary">
<arg>id:systemUser_employeeName_empName</arg>
<arg>${text}</arg>
<doc>Types the given ``text`` into the text field identified by ``locator``.</doc>
<msg timestamp="20220801 20:59:21.226" level="INFO">Typing text 'Charlie Carter' into text field 'id:systemUser_employeeName_empName'.</msg>
<status status="PASS" starttime="20220801 20:59:21.226" endtime="20220801 20:59:21.304"/>
</kw>
<kw name="Sleep" library="BuiltIn">
<arg>1.5s</arg>
<doc>Pauses the test executed for the given time.</doc>
<msg timestamp="20220801 20:59:22.805" level="INFO">Slept 1 second 500 milliseconds</msg>
<status status="PASS" starttime="20220801 20:59:21.304" endtime="20220801 20:59:22.805"/>
</kw>
<status status="PASS" starttime="20220801 20:59:21.225" endtime="20220801 20:59:22.805"/>
</kw>
<kw name="Generate Random String" library="String">
<var>${randomUser}</var>
<arg>8</arg>
<doc>Generates a string with a desired ``length`` from the given ``chars``.</doc>
<msg timestamp="20220801 20:59:22.806" level="INFO">${randomUser} = zQuKAgXP</msg>
<status status="PASS" starttime="20220801 20:59:22.806" endtime="20220801 20:59:22.806"/>
</kw>
<kw name="Input Username" library="admin.resource">
<arg>${randomUser}</arg>
<kw name="Input Text" library="SeleniumLibrary">
<arg>id:systemUser_userName</arg>
<arg>${text}</arg>
<doc>Types the given ``text`` into the text field identified by ``locator``.</doc>
<msg timestamp="20220801 20:59:22.808" level="INFO">Typing text 'zQuKAgXP' into text field 'id:systemUser_userName'.</msg>
<status status="PASS" starttime="20220801 20:59:22.807" endtime="20220801 20:59:22.867"/>
</kw>
<kw name="Sleep" library="BuiltIn">
<arg>1.5s</arg>
<doc>Pauses the test executed for the given time.</doc>
<msg timestamp="20220801 20:59:24.368" level="INFO">Slept 1 second 500 milliseconds</msg>
<status status="PASS" starttime="20220801 20:59:22.867" endtime="20220801 20:59:24.368"/>
</kw>
<status status="PASS" starttime="20220801 20:59:22.807" endtime="20220801 20:59:24.368"/>
</kw>
<kw name="Input Password" library="admin.resource">
<arg>${betterPass}</arg>
<kw name="Input Text" library="SeleniumLibrary">
<arg>id:systemUser_password</arg>
<arg>${text}</arg>
<doc>Types the given ``text`` into the text field identified by ``locator``.</doc>
<msg timestamp="20220801 20:59:24.370" level="INFO">Typing text 'Qaz132wsx' into text field 'id:systemUser_password'.</msg>
<status status="PASS" starttime="20220801 20:59:24.369" endtime="20220801 20:59:24.435"/>
</kw>
<kw name="Sleep" library="BuiltIn">
<arg>1.5s</arg>
<doc>Pauses the test executed for the given time.</doc>
<msg timestamp="20220801 20:59:25.936" level="INFO">Slept 1 second 500 milliseconds</msg>
<status status="PASS" starttime="20220801 20:59:24.435" endtime="20220801 20:59:25.936"/>
</kw>
<status status="PASS" starttime="20220801 20:59:24.369" endtime="20220801 20:59:25.936"/>
</kw>
<kw name="Input Confirm Password" library="admin.resource">
<arg>${betterPass}</arg>
<kw name="Input Text" library="SeleniumLibrary">
<arg>id:systemUser_confirmPassword</arg>
<arg>${text}</arg>
<doc>Types the given ``text`` into the text field identified by ``locator``.</doc>
<msg timestamp="20220801 20:59:25.937" level="INFO">Typing text 'Qaz132wsx' into text field 'id:systemUser_confirmPassword'.</msg>
<status status="PASS" starttime="20220801 20:59:25.937" endtime="20220801 20:59:26.002"/>
</kw>
<kw name="Sleep" library="BuiltIn">
<arg>1.5s</arg>
<doc>Pauses the test executed for the given time.</doc>
<msg timestamp="20220801 20:59:27.503" level="INFO">Slept 1 second 500 milliseconds</msg>
<status status="PASS" starttime="20220801 20:59:26.002" endtime="20220801 20:59:27.503"/>
</kw>
<status status="PASS" starttime="20220801 20:59:25.936" endtime="20220801 20:59:27.503"/>
</kw>
<kw name="Click Save Button" library="admin.resource">
<kw name="Wait Until Element Is Enabled" library="SeleniumLibrary">
<arg>id:btnSave</arg>
<doc>Waits until the element ``locator`` is enabled.</doc>
<status status="PASS" starttime="20220801 20:59:27.504" endtime="20220801 20:59:27.529"/>
</kw>
<kw name="Click Element" library="SeleniumLibrary">
<arg>id:btnSave</arg>
<doc>Click the element identified by ``locator``.</doc>
<msg timestamp="20220801 20:59:27.529" level="INFO">Clicking element 'id:btnSave'.</msg>
<status status="PASS" starttime="20220801 20:59:27.529" endtime="20220801 20:59:31.740"/>
</kw>
<status status="PASS" starttime="20220801 20:59:27.504" endtime="20220801 20:59:31.740"/>
</kw>
<kw name="Verify User Created" library="admin.resource">
<kw name="Element Should Contain" library="SeleniumLibrary">
<arg>xpath://div[@class="head"]/h1</arg>
<arg>System Users</arg>
<doc>Verifies that element ``locator`` contains text ``expected``.</doc>
<msg timestamp="20220801 20:59:31.754" level="INFO">Element 'xpath://div[@class="head"]/h1' contains text 'System Users'.</msg>
<status status="PASS" starttime="20220801 20:59:31.741" endtime="20220801 20:59:31.754"/>
</kw>
<kw name="Element Should Contain" library="SeleniumLibrary">
<arg>xpath://li[@class="selected"]/a</arg>
<arg>User Management</arg>
<doc>Verifies that element ``locator`` contains text ``expected``.</doc>
<msg timestamp="20220801 20:59:31.766" level="INFO">Element 'xpath://li[@class="selected"]/a' contains text 'User Management'.</msg>
<status status="PASS" starttime="20220801 20:59:31.754" endtime="20220801 20:59:31.766"/>
</kw>
<status status="PASS" starttime="20220801 20:59:31.740" endtime="20220801 20:59:31.767"/>
</kw>
<tag>Positive</tag>
<status status="PASS" starttime="20220801 20:59:15.922" endtime="20220801 20:59:31.767"/>
</test>
<test id="s1-s1-t3" name="Create User with Blank Field" line="27">
<kw name="Click Admin Menu" library="admin.resource">
<kw name="Wait Until Element Is Visible" library="SeleniumLibrary">
<arg>id:menu_admin_viewAdminModule</arg>
<arg>30s</arg>
<doc>Waits until the element ``locator`` is visible.</doc>
<status status="PASS" starttime="20220801 20:59:31.768" endtime="20220801 20:59:31.777"/>
</kw>
<kw name="Click Element" library="SeleniumLibrary">
<arg>id:menu_admin_viewAdminModule</arg>
<doc>Click the element identified by ``locator``.</doc>
<msg timestamp="20220801 20:59:31.777" level="INFO">Clicking element 'id:menu_admin_viewAdminModule'.</msg>
<status status="PASS" starttime="20220801 20:59:31.777" endtime="20220801 20:59:34.195"/>
</kw>
<status status="PASS" starttime="20220801 20:59:31.767" endtime="20220801 20:59:34.195"/>
</kw>
<kw name="Click Add Button" library="admin.resource">
<kw name="Click Element" library="SeleniumLibrary">
<arg>id:btnAdd</arg>
<doc>Click the element identified by ``locator``.</doc>
<msg timestamp="20220801 20:59:34.196" level="INFO">Clicking element 'id:btnAdd'.</msg>
<status status="PASS" starttime="20220801 20:59:34.196" endtime="20220801 20:59:35.424"/>
</kw>
<status status="PASS" starttime="20220801 20:59:34.195" endtime="20220801 20:59:35.425"/>
</kw>
<kw name="Click Save Button" library="admin.resource">
<kw name="Wait Until Element Is Enabled" library="SeleniumLibrary">
<arg>id:btnSave</arg>
<doc>Waits until the element ``locator`` is enabled.</doc>
<status status="PASS" starttime="20220801 20:59:35.425" endtime="20220801 20:59:35.446"/>
</kw>
<kw name="Click Element" library="SeleniumLibrary">
<arg>id:btnSave</arg>
<doc>Click the element identified by ``locator``.</doc>
<msg timestamp="20220801 20:59:35.446" level="INFO">Clicking element 'id:btnSave'.</msg>
<status status="PASS" starttime="20220801 20:59:35.446" endtime="20220801 20:59:35.477"/>
</kw>
<status status="PASS" starttime="20220801 20:59:35.425" endtime="20220801 20:59:35.477"/>
</kw>
<kw name="Verify Blank Error" library="admin.resource">
<kw name="Wait Until Element Is Enabled" library="SeleniumLibrary">
<arg>xpath://span[@for='systemUser_employeeName_empName']</arg>
<doc>Waits until the element ``locator`` is enabled.</doc>
<status status="PASS" starttime="20220801 20:59:35.478" endtime="20220801 20:59:35.497"/>
</kw>
<kw name="Wait Until Element Is Enabled" library="SeleniumLibrary">
<arg>xpath://span[@for='systemUser_userName']</arg>
<doc>Waits until the element ``locator`` is enabled.</doc>
<status status="PASS" starttime="20220801 20:59:35.498" endtime="20220801 20:59:35.513"/>
</kw>
<kw name="Wait Until Element Is Enabled" library="SeleniumLibrary">
<arg>xpath://span[@for='systemUser_password']</arg>
<doc>Waits until the element ``locator`` is enabled.</doc>
<status status="PASS" starttime="20220801 20:59:35.513" endtime="20220801 20:59:35.530"/>
</kw>
<kw name="Element Should Contain" library="SeleniumLibrary">
<arg>xpath://span[@for='systemUser_employeeName_empName']</arg>
<arg>${msgEmpNotFound}</arg>
<doc>Verifies that element ``locator`` contains text ``expected``.</doc>
<msg timestamp="20220801 20:59:35.543" level="INFO">Element 'xpath://span[@for='systemUser_employeeName_empName']' contains text 'Employee does not exist'.</msg>
<status status="PASS" starttime="20220801 20:59:35.530" endtime="20220801 20:59:35.543"/>
</kw>
<kw name="Element Should Contain" library="SeleniumLibrary">
<arg>xpath://span[@for='systemUser_userName']</arg>
<arg>${msgBlankError}</arg>
<doc>Verifies that element ``locator`` contains text ``expected``.</doc>
<msg timestamp="20220801 20:59:35.553" level="INFO">Element 'xpath://span[@for='systemUser_userName']' contains text 'Required'.</msg>
<status status="PASS" starttime="20220801 20:59:35.543" endtime="20220801 20:59:35.553"/>
</kw>
<kw name="Element Should Contain" library="SeleniumLibrary">
<arg>xpath://span[@for='systemUser_password']</arg>
<arg>${msgBlankError}</arg>
<doc>Verifies that element ``locator`` contains text ``expected``.</doc>
<msg timestamp="20220801 20:59:35.564" level="INFO">Element 'xpath://span[@for='systemUser_password']' contains text 'Required'.</msg>
<status status="PASS" starttime="20220801 20:59:35.554" endtime="20220801 20:59:35.564"/>
</kw>
<status status="PASS" starttime="20220801 20:59:35.478" endtime="20220801 20:59:35.564"/>
</kw>
<tag>Negative</tag>
<status status="PASS" starttime="20220801 20:59:31.767" endtime="20220801 20:59:35.564"/>
</test>
<test id="s1-s1-t4" name="Create User with Unlisted Employee" line="34">
<kw name="Click Admin Menu" library="admin.resource">
<kw name="Wait Until Element Is Visible" library="SeleniumLibrary">
<arg>id:menu_admin_viewAdminModule</arg>
<arg>30s</arg>
<doc>Waits until the element ``locator`` is visible.</doc>
<status status="PASS" starttime="20220801 20:59:35.565" endtime="20220801 20:59:35.579"/>
</kw>
<kw name="Click Element" library="SeleniumLibrary">
<arg>id:menu_admin_viewAdminModule</arg>
<doc>Click the element identified by ``locator``.</doc>
<msg timestamp="20220801 20:59:35.579" level="INFO">Clicking element 'id:menu_admin_viewAdminModule'.</msg>
<status status="PASS" starttime="20220801 20:59:35.579" endtime="20220801 20:59:37.880"/>
</kw>
<status status="PASS" starttime="20220801 20:59:35.565" endtime="20220801 20:59:37.880"/>
</kw>
<kw name="Click Add Button" library="admin.resource">
<kw name="Click Element" library="SeleniumLibrary">
<arg>id:btnAdd</arg>
<doc>Click the element identified by ``locator``.</doc>
<msg timestamp="20220801 20:59:37.881" level="INFO">Clicking element 'id:btnAdd'.</msg>
<status status="PASS" starttime="20220801 20:59:37.881" endtime="20220801 20:59:38.839"/>
</kw>
<status status="PASS" starttime="20220801 20:59:37.880" endtime="20220801 20:59:38.839"/>
</kw>
<kw name="Input Employee Name" library="admin.resource">
<arg>${unlistedEmp}</arg>
<kw name="Input Text" library="SeleniumLibrary">
<arg>id:systemUser_employeeName_empName</arg>
<arg>${text}</arg>
<doc>Types the given ``text`` into the text field identified by ``locator``.</doc>
<msg timestamp="20220801 20:59:38.840" level="INFO">Typing text 'Ronaldowati' into text field 'id:systemUser_employeeName_empName'.</msg>
<status status="PASS" starttime="20220801 20:59:38.840" endtime="20220801 20:59:38.899"/>
</kw>
<kw name="Sleep" library="BuiltIn">
<arg>1.5s</arg>
<doc>Pauses the test executed for the given time.</doc>
<msg timestamp="20220801 20:59:40.400" level="INFO">Slept 1 second 500 milliseconds</msg>
<status status="PASS" starttime="20220801 20:59:38.899" endtime="20220801 20:59:40.400"/>
</kw>
<status status="PASS" starttime="20220801 20:59:38.839" endtime="20220801 20:59:40.400"/>
</kw>
<kw name="Verify Unlisted Employee Error" library="admin.resource">
<kw name="Element Should Contain" library="SeleniumLibrary">
<arg>xpath://span[@for='systemUser_employeeName_empName']</arg>
<arg>${msgEmpNotFound}</arg>
<doc>Verifies that element ``locator`` contains text ``expected``.</doc>
<msg timestamp="20220801 20:59:40.421" level="INFO">Element 'xpath://span[@for='systemUser_employeeName_empName']' contains text 'Employee does not exist'.</msg>
<status status="PASS" starttime="20220801 20:59:40.401" endtime="20220801 20:59:40.421"/>
</kw>
<status status="PASS" starttime="20220801 20:59:40.400" endtime="20220801 20:59:40.421"/>
</kw>
<tag>Negative</tag>
<status status="PASS" starttime="20220801 20:59:35.564" endtime="20220801 20:59:40.421"/>
</test>
<test id="s1-s1-t5" name="Create User with Invalid Username" line="41">
<kw name="Click Admin Menu" library="admin.resource">
<kw name="Wait Until Element Is Visible" library="SeleniumLibrary">
<arg>id:menu_admin_viewAdminModule</arg>
<arg>30s</arg>
<doc>Waits until the element ``locator`` is visible.</doc>
<status status="PASS" starttime="20220801 20:59:40.422" endtime="20220801 20:59:40.434"/>
</kw>
<kw name="Click Element" library="SeleniumLibrary">
<arg>id:menu_admin_viewAdminModule</arg>
<doc>Click the element identified by ``locator``.</doc>
<msg timestamp="20220801 20:59:40.434" level="INFO">Clicking element 'id:menu_admin_viewAdminModule'.</msg>
<status status="PASS" starttime="20220801 20:59:40.434" endtime="20220801 20:59:42.357"/>
</kw>
<status status="PASS" starttime="20220801 20:59:40.422" endtime="20220801 20:59:42.357"/>
</kw>
<kw name="Click Add Button" library="admin.resource">
<kw name="Click Element" library="SeleniumLibrary">
<arg>id:btnAdd</arg>
<doc>Click the element identified by ``locator``.</doc>
<msg timestamp="20220801 20:59:42.358" level="INFO">Clicking element 'id:btnAdd'.</msg>
<status status="PASS" starttime="20220801 20:59:42.357" endtime="20220801 20:59:43.409"/>
</kw>
<status status="PASS" starttime="20220801 20:59:42.357" endtime="20220801 20:59:43.409"/>
</kw>
<kw name="Input Username" library="admin.resource">
<arg>${invalidData}</arg>
<kw name="Input Text" library="SeleniumLibrary">
<arg>id:systemUser_userName</arg>
<arg>${text}</arg>
<doc>Types the given ``text`` into the text field identified by ``locator``.</doc>
<msg timestamp="20220801 20:59:43.410" level="INFO">Typing text 'abc' into text field 'id:systemUser_userName'.</msg>
<status status="PASS" starttime="20220801 20:59:43.409" endtime="20220801 20:59:43.458"/>
</kw>
<kw name="Sleep" library="BuiltIn">
<arg>1.5s</arg>
<doc>Pauses the test executed for the given time.</doc>
<msg timestamp="20220801 20:59:44.959" level="INFO">Slept 1 second 500 milliseconds</msg>
<status status="PASS" starttime="20220801 20:59:43.458" endtime="20220801 20:59:44.959"/>
</kw>
<status status="PASS" starttime="20220801 20:59:43.409" endtime="20220801 20:59:44.959"/>
</kw>
<kw name="Verify Invalid Username Error" library="admin.resource">
<kw name="Element Should Contain" library="SeleniumLibrary">
<arg>xpath://span[@for='systemUser_userName']</arg>
<arg>${msgInvalideUsername}</arg>
<doc>Verifies that element ``locator`` contains text ``expected``.</doc>
<msg timestamp="20220801 20:59:44.979" level="INFO">Element 'xpath://span[@for='systemUser_userName']' contains text 'Should have at least 5 characters'.</msg>
<status status="PASS" starttime="20220801 20:59:44.960" endtime="20220801 20:59:44.979"/>
</kw>
<status status="PASS" starttime="20220801 20:59:44.960" endtime="20220801 20:59:44.979"/>
</kw>
<tag>Negative</tag>
<status status="PASS" starttime="20220801 20:59:40.422" endtime="20220801 20:59:44.979"/>
</test>
<test id="s1-s1-t6" name="Create User with Invalid Password" line="48">
<kw name="Click Admin Menu" library="admin.resource">
<kw name="Wait Until Element Is Visible" library="SeleniumLibrary">
<arg>id:menu_admin_viewAdminModule</arg>
<arg>30s</arg>
<doc>Waits until the element ``locator`` is visible.</doc>
<status status="PASS" starttime="20220801 20:59:44.980" endtime="20220801 20:59:44.990"/>
</kw>
<kw name="Click Element" library="SeleniumLibrary">
<arg>id:menu_admin_viewAdminModule</arg>
<doc>Click the element identified by ``locator``.</doc>
<msg timestamp="20220801 20:59:44.990" level="INFO">Clicking element 'id:menu_admin_viewAdminModule'.</msg>
<status status="PASS" starttime="20220801 20:59:44.990" endtime="20220801 20:59:47.274"/>
</kw>
<status status="PASS" starttime="20220801 20:59:44.980" endtime="20220801 20:59:47.274"/>
</kw>
<kw name="Click Add Button" library="admin.resource">
<kw name="Click Element" library="SeleniumLibrary">
<arg>id:btnAdd</arg>
<doc>Click the element identified by ``locator``.</doc>
<msg timestamp="20220801 20:59:47.276" level="INFO">Clicking element 'id:btnAdd'.</msg>
<status status="PASS" starttime="20220801 20:59:47.275" endtime="20220801 20:59:48.445"/>
</kw>
<status status="PASS" starttime="20220801 20:59:47.274" endtime="20220801 20:59:48.445"/>
</kw>
<kw name="Input Password" library="admin.resource">
<arg>${invalidData}</arg>
<kw name="Input Text" library="SeleniumLibrary">
<arg>id:systemUser_password</arg>
<arg>${text}</arg>
<doc>Types the given ``text`` into the text field identified by ``locator``.</doc>
<msg timestamp="20220801 20:59:48.447" level="INFO">Typing text 'abc' into text field 'id:systemUser_password'.</msg>
<status status="PASS" starttime="20220801 20:59:48.446" endtime="20220801 20:59:48.498"/>
</kw>
<kw name="Sleep" library="BuiltIn">
<arg>1.5s</arg>
<doc>Pauses the test executed for the given time.</doc>
<msg timestamp="20220801 20:59:49.998" level="INFO">Slept 1 second 500 milliseconds</msg>
<status status="PASS" starttime="20220801 20:59:48.498" endtime="20220801 20:59:49.998"/>
</kw>
<status status="PASS" starttime="20220801 20:59:48.446" endtime="20220801 20:59:49.999"/>
</kw>
<kw name="Verify Invalid Password Error" library="admin.resource">
<kw name="Element Should Contain" library="SeleniumLibrary">
<arg>xpath://span[@for='systemUser_password']</arg>
<arg>${msgInvalidPassword}</arg>
<doc>Verifies that element ``locator`` contains text ``expected``.</doc>
<msg timestamp="20220801 20:59:50.021" level="INFO">Element 'xpath://span[@for='systemUser_password']' contains text 'Should have at least 8 characters'.</msg>
<status status="PASS" starttime="20220801 20:59:49.999" endtime="20220801 20:59:50.021"/>
</kw>
<status status="PASS" starttime="20220801 20:59:49.999" endtime="20220801 20:59:50.021"/>
</kw>
<tag>Negative</tag>
<status status="PASS" starttime="20220801 20:59:44.980" endtime="20220801 20:59:50.021"/>
</test>
<test id="s1-s1-t7" name="Create User with Mismatch Password" line="55">
<kw name="Click Admin Menu" library="admin.resource">
<kw name="Wait Until Element Is Visible" library="SeleniumLibrary">
<arg>id:menu_admin_viewAdminModule</arg>
<arg>30s</arg>
<doc>Waits until the element ``locator`` is visible.</doc>
<status status="PASS" starttime="20220801 20:59:50.022" endtime="20220801 20:59:50.031"/>
</kw>
<kw name="Click Element" library="SeleniumLibrary">
<arg>id:menu_admin_viewAdminModule</arg>
<doc>Click the element identified by ``locator``.</doc>
<msg timestamp="20220801 20:59:50.031" level="INFO">Clicking element 'id:menu_admin_viewAdminModule'.</msg>
<status status="PASS" starttime="20220801 20:59:50.031" endtime="20220801 20:59:52.261"/>
</kw>
<status status="PASS" starttime="20220801 20:59:50.022" endtime="20220801 20:59:52.261"/>
</kw>
<kw name="Click Add Button" library="admin.resource">
<kw name="Click Element" library="SeleniumLibrary">
<arg>id:btnAdd</arg>
<doc>Click the element identified by ``locator``.</doc>
<msg timestamp="20220801 20:59:52.261" level="INFO">Clicking element 'id:btnAdd'.</msg>
<status status="PASS" starttime="20220801 20:59:52.261" endtime="20220801 20:59:53.718"/>
</kw>
<status status="PASS" starttime="20220801 20:59:52.261" endtime="20220801 20:59:53.718"/>
</kw>
<kw name="Input Password" library="admin.resource">
<arg>${weakPass}</arg>
<kw name="Input Text" library="SeleniumLibrary">
<arg>id:systemUser_password</arg>
<arg>${text}</arg>
<doc>Types the given ``text`` into the text field identified by ``locator``.</doc>
<msg timestamp="20220801 20:59:53.719" level="INFO">Typing text 'qazwsx132' into text field 'id:systemUser_password'.</msg>
<status status="PASS" starttime="20220801 20:59:53.719" endtime="20220801 20:59:53.776"/>
</kw>
<kw name="Sleep" library="BuiltIn">
<arg>1.5s</arg>
<doc>Pauses the test executed for the given time.</doc>
<msg timestamp="20220801 20:59:55.276" level="INFO">Slept 1 second 500 milliseconds</msg>
<status status="PASS" starttime="20220801 20:59:53.776" endtime="20220801 20:59:55.277"/>
</kw>
<status status="PASS" starttime="20220801 20:59:53.718" endtime="20220801 20:59:55.277"/>
</kw>
<kw name="Input Confirm Password" library="admin.resource">
<arg>${veryWeakPass}</arg>
<kw name="Input Text" library="SeleniumLibrary">
<arg>id:systemUser_confirmPassword</arg>
<arg>${text}</arg>
<doc>Types the given ``text`` into the text field identified by ``locator``.</doc>
<msg timestamp="20220801 20:59:55.278" level="INFO">Typing text '12345678' into text field 'id:systemUser_confirmPassword'.</msg>
<status status="PASS" starttime="20220801 20:59:55.278" endtime="20220801 20:59:55.339"/>
</kw>
<kw name="Sleep" library="BuiltIn">
<arg>1.5s</arg>
<doc>Pauses the test executed for the given time.</doc>
<msg timestamp="20220801 20:59:56.840" level="INFO">Slept 1 second 500 milliseconds</msg>
<status status="PASS" starttime="20220801 20:59:55.339" endtime="20220801 20:59:56.840"/>
</kw>
<status status="PASS" starttime="20220801 20:59:55.277" endtime="20220801 20:59:56.840"/>
</kw>
<kw name="Verify Confirm Password Error" library="admin.resource">
<kw name="Element Should Contain" library="SeleniumLibrary">
<arg>xpath://span[@for='systemUser_confirmPassword']</arg>
<arg>${msgConfirmPassword}</arg>
<doc>Verifies that element ``locator`` contains text ``expected``.</doc>
<msg timestamp="20220801 20:59:56.866" level="INFO">Element 'xpath://span[@for='systemUser_confirmPassword']' contains text 'Passwords do not match'.</msg>
<status status="PASS" starttime="20220801 20:59:56.841" endtime="20220801 20:59:56.866"/>
</kw>
<status status="PASS" starttime="20220801 20:59:56.841" endtime="20220801 20:59:56.866"/>
</kw>
<tag>Negative</tag>
<status status="PASS" starttime="20220801 20:59:50.021" endtime="20220801 20:59:56.866"/>
</test>
<test id="s1-s1-t8" name="Create User with Very Weak Password" line="63">
<kw name="Click Admin Menu" library="admin.resource">
<kw name="Wait Until Element Is Visible" library="SeleniumLibrary">
<arg>id:menu_admin_viewAdminModule</arg>
<arg>30s</arg>
<doc>Waits until the element ``locator`` is visible.</doc>
<status status="PASS" starttime="20220801 20:59:56.868" endtime="20220801 20:59:56.877"/>
</kw>
<kw name="Click Element" library="SeleniumLibrary">
<arg>id:menu_admin_viewAdminModule</arg>
<doc>Click the element identified by ``locator``.</doc>
<msg timestamp="20220801 20:59:56.878" level="INFO">Clicking element 'id:menu_admin_viewAdminModule'.</msg>
<status status="PASS" starttime="20220801 20:59:56.877" endtime="20220801 20:59:59.127"/>
</kw>
<status status="PASS" starttime="20220801 20:59:56.867" endtime="20220801 20:59:59.127"/>
</kw>
<kw name="Click Add Button" library="admin.resource">
<kw name="Click Element" library="SeleniumLibrary">
<arg>id:btnAdd</arg>
<doc>Click the element identified by ``locator``.</doc>
<msg timestamp="20220801 20:59:59.127" level="INFO">Clicking element 'id:btnAdd'.</msg>
<status status="PASS" starttime="20220801 20:59:59.127" endtime="20220801 21:00:00.181"/>
</kw>
<status status="PASS" starttime="20220801 20:59:59.127" endtime="20220801 21:00:00.182"/>
</kw>
<kw name="Input Password" library="admin.resource">
<arg>${veryWeakPass}</arg>
<kw name="Input Text" library="SeleniumLibrary">
<arg>id:systemUser_password</arg>
<arg>${text}</arg>
<doc>Types the given ``text`` into the text field identified by ``locator``.</doc>
<msg timestamp="20220801 21:00:00.183" level="INFO">Typing text '12345678' into text field 'id:systemUser_password'.</msg>
<status status="PASS" starttime="20220801 21:00:00.183" endtime="20220801 21:00:00.239"/>
</kw>
<kw name="Sleep" library="BuiltIn">
<arg>1.5s</arg>
<doc>Pauses the test executed for the given time.</doc>
<msg timestamp="20220801 21:00:01.740" level="INFO">Slept 1 second 500 milliseconds</msg>
<status status="PASS" starttime="20220801 21:00:00.239" endtime="20220801 21:00:01.740"/>
</kw>
<status status="PASS" starttime="20220801 21:00:00.182" endtime="20220801 21:00:01.740"/>
</kw>
<kw name="Verify Very Weak Password" library="admin.resource">
<kw name="Wait Until Element Is Visible" library="SeleniumLibrary">
<arg>id:systemUser_password_strength_meter</arg>
<arg>10s</arg>
<doc>Waits until the element ``locator`` is visible.</doc>
<status status="PASS" starttime="20220801 21:00:01.740" endtime="20220801 21:00:02.178"/>
</kw>
<kw name="Element Should Contain" library="SeleniumLibrary">
<arg>id:systemUser_password_strength_meter</arg>
<arg>${passVeryWeak}</arg>
<doc>Verifies that element ``locator`` contains text ``expected``.</doc>
<msg timestamp="20220801 21:00:02.188" level="INFO">Element 'id:systemUser_password_strength_meter' contains text 'Very Weak'.</msg>
<status status="PASS" starttime="20220801 21:00:02.178" endtime="20220801 21:00:02.188"/>
</kw>
<status status="PASS" starttime="20220801 21:00:01.740" endtime="20220801 21:00:02.189"/>
</kw>
<tag>Negative</tag>
<status status="PASS" starttime="20220801 20:59:56.867" endtime="20220801 21:00:02.189"/>
</test>
<test id="s1-s1-t9" name="Create User with Weak Password" line="70">
<kw name="Click Admin Menu" library="admin.resource">
<kw name="Wait Until Element Is Visible" library="SeleniumLibrary">
<arg>id:menu_admin_viewAdminModule</arg>
<arg>30s</arg>
<doc>Waits until the element ``locator`` is visible.</doc>
<status status="PASS" starttime="20220801 21:00:02.190" endtime="20220801 21:00:02.199"/>
</kw>
<kw name="Click Element" library="SeleniumLibrary">
<arg>id:menu_admin_viewAdminModule</arg>
<doc>Click the element identified by ``locator``.</doc>
<msg timestamp="20220801 21:00:02.200" level="INFO">Clicking element 'id:menu_admin_viewAdminModule'.</msg>
<status status="PASS" starttime="20220801 21:00:02.199" endtime="20220801 21:00:04.477"/>
</kw>
<status status="PASS" starttime="20220801 21:00:02.189" endtime="20220801 21:00:04.477"/>
</kw>
<kw name="Click Add Button" library="admin.resource">
<kw name="Click Element" library="SeleniumLibrary">
<arg>id:btnAdd</arg>
<doc>Click the element identified by ``locator``.</doc>
<msg timestamp="20220801 21:00:04.478" level="INFO">Clicking element 'id:btnAdd'.</msg>
<status status="PASS" starttime="20220801 21:00:04.477" endtime="20220801 21:00:05.686"/>
</kw>
<status status="PASS" starttime="20220801 21:00:04.477" endtime="20220801 21:00:05.686"/>
</kw>
<kw name="Input Password" library="admin.resource">
<arg>${weakPass}</arg>
<kw name="Input Text" library="SeleniumLibrary">
<arg>id:systemUser_password</arg>
<arg>${text}</arg>
<doc>Types the given ``text`` into the text field identified by ``locator``.</doc>
<msg timestamp="20220801 21:00:05.687" level="INFO">Typing text 'qazwsx132' into text field 'id:systemUser_password'.</msg>
<status status="PASS" starttime="20220801 21:00:05.687" endtime="20220801 21:00:05.749"/>
</kw>
<kw name="Sleep" library="BuiltIn">
<arg>1.5s</arg>
<doc>Pauses the test executed for the given time.</doc>
<msg timestamp="20220801 21:00:07.250" level="INFO">Slept 1 second 500 milliseconds</msg>
<status status="PASS" starttime="20220801 21:00:05.749" endtime="20220801 21:00:07.250"/>
</kw>
<status status="PASS" starttime="20220801 21:00:05.686" endtime="20220801 21:00:07.250"/>
</kw>
<kw name="Verify Weak Password" library="admin.resource">
<kw name="Wait Until Element Is Visible" library="SeleniumLibrary">
<arg>id:systemUser_password_strength_meter</arg>
<arg>10s</arg>
<doc>Waits until the element ``locator`` is visible.</doc>
<status status="PASS" starttime="20220801 21:00:07.251" endtime="20220801 21:00:07.931"/>
</kw>
<kw name="Element Should Contain" library="SeleniumLibrary">
<arg>id:systemUser_password_strength_meter</arg>
<arg>${passWeak}</arg>
<doc>Verifies that element ``locator`` contains text ``expected``.</doc>
<msg timestamp="20220801 21:00:07.952" level="INFO">Element 'id:systemUser_password_strength_meter' contains text 'Weak'.</msg>
<status status="PASS" starttime="20220801 21:00:07.931" endtime="20220801 21:00:07.952"/>
</kw>
<status status="PASS" starttime="20220801 21:00:07.250" endtime="20220801 21:00:07.952"/>
</kw>
<tag>Negative</tag>
<status status="PASS" starttime="20220801 21:00:02.189" endtime="20220801 21:00:07.952"/>
</test>
<test id="s1-s1-t10" name="Create User with Better Password" line="77">
<kw name="Click Admin Menu" library="admin.resource">
<kw name="Wait Until Element Is Visible" library="SeleniumLibrary">
<arg>id:menu_admin_viewAdminModule</arg>
<arg>30s</arg>
<doc>Waits until the element ``locator`` is visible.</doc>
<status status="PASS" starttime="20220801 21:00:07.953" endtime="20220801 21:00:07.962"/>
</kw>
<kw name="Click Element" library="SeleniumLibrary">
<arg>id:menu_admin_viewAdminModule</arg>
<doc>Click the element identified by ``locator``.</doc>
<msg timestamp="20220801 21:00:07.962" level="INFO">Clicking element 'id:menu_admin_viewAdminModule'.</msg>
<status status="PASS" starttime="20220801 21:00:07.962" endtime="20220801 21:00:10.240"/>
</kw>
<status status="PASS" starttime="20220801 21:00:07.953" endtime="20220801 21:00:10.240"/>
</kw>
<kw name="Click Add Button" library="admin.resource">
<kw name="Click Element" library="SeleniumLibrary">
<arg>id:btnAdd</arg>
<doc>Click the element identified by ``locator``.</doc>
<msg timestamp="20220801 21:00:10.241" level="INFO">Clicking element 'id:btnAdd'.</msg>
<status status="PASS" starttime="20220801 21:00:10.241" endtime="20220801 21:00:11.284"/>
</kw>
<status status="PASS" starttime="20220801 21:00:10.240" endtime="20220801 21:00:11.284"/>
</kw>
<kw name="Input Password" library="admin.resource">
<arg>${betterPass}</arg>
<kw name="Input Text" library="SeleniumLibrary">
<arg>id:systemUser_password</arg>
<arg>${text}</arg>
<doc>Types the given ``text`` into the text field identified by ``locator``.</doc>
<msg timestamp="20220801 21:00:11.285" level="INFO">Typing text 'Qaz132wsx' into text field 'id:systemUser_password'.</msg>
<status status="PASS" starttime="20220801 21:00:11.285" endtime="20220801 21:00:11.347"/>
</kw>
<kw name="Sleep" library="BuiltIn">
<arg>1.5s</arg>
<doc>Pauses the test executed for the given time.</doc>
<msg timestamp="20220801 21:00:12.847" level="INFO">Slept 1 second 500 milliseconds</msg>
<status status="PASS" starttime="20220801 21:00:11.347" endtime="20220801 21:00:12.847"/>
</kw>
<status status="PASS" starttime="20220801 21:00:11.284" endtime="20220801 21:00:12.848"/>
</kw>
<kw name="Verify Better Password" library="admin.resource">
<kw name="Wait Until Element Is Visible" library="SeleniumLibrary">
<arg>id:systemUser_password_strength_meter</arg>
<arg>10s</arg>
<doc>Waits until the element ``locator`` is visible.</doc>
<status status="PASS" starttime="20220801 21:00:12.849" endtime="20220801 21:00:13.310"/>
</kw>
<kw name="Element Should Contain" library="SeleniumLibrary">
<arg>id:systemUser_password_strength_meter</arg>
<arg>${passBetter}</arg>
<doc>Verifies that element ``locator`` contains text ``expected``.</doc>
<msg timestamp="20220801 21:00:13.335" level="INFO">Element 'id:systemUser_password_strength_meter' contains text 'Better'.</msg>
<status status="PASS" starttime="20220801 21:00:13.310" endtime="20220801 21:00:13.335"/>
</kw>
<status status="PASS" starttime="20220801 21:00:12.848" endtime="20220801 21:00:13.335"/>
</kw>
<tag>Negative</tag>
<status status="PASS" starttime="20220801 21:00:07.952" endtime="20220801 21:00:13.336"/>
</test>
<test id="s1-s1-t11" name="Create User with Strongest Password" line="84">
<kw name="Click Admin Menu" library="admin.resource">
<kw name="Wait Until Element Is Visible" library="SeleniumLibrary">
<arg>id:menu_admin_viewAdminModule</arg>
<arg>30s</arg>
<doc>Waits until the element ``locator`` is visible.</doc>
<status status="PASS" starttime="20220801 21:00:13.338" endtime="20220801 21:00:13.351"/>
</kw>
<kw name="Click Element" library="SeleniumLibrary">
<arg>id:menu_admin_viewAdminModule</arg>
<doc>Click the element identified by ``locator``.</doc>
<msg timestamp="20220801 21:00:13.351" level="INFO">Clicking element 'id:menu_admin_viewAdminModule'.</msg>
<status status="PASS" starttime="20220801 21:00:13.351" endtime="20220801 21:00:15.769"/>
</kw>
<status status="PASS" starttime="20220801 21:00:13.337" endtime="20220801 21:00:15.769"/>
</kw>
<kw name="Click Add Button" library="admin.resource">
<kw name="Click Element" library="SeleniumLibrary">
<arg>id:btnAdd</arg>
<doc>Click the element identified by ``locator``.</doc>
<msg timestamp="20220801 21:00:15.771" level="INFO">Clicking element 'id:btnAdd'.</msg>
<status status="PASS" starttime="20220801 21:00:15.770" endtime="20220801 21:00:16.792"/>
</kw>
<status status="PASS" starttime="20220801 21:00:15.770" endtime="20220801 21:00:16.792"/>
</kw>
<kw name="Input Password" library="admin.resource">
<arg>${strongestPass}</arg>
<kw name="Input Text" library="SeleniumLibrary">
<arg>id:systemUser_password</arg>
<arg>${text}</arg>
<doc>Types the given ``text`` into the text field identified by ``locator``.</doc>
<msg timestamp="20220801 21:00:16.793" level="INFO">Typing text 'Sanbercode100%' into text field 'id:systemUser_password'.</msg>
<status status="PASS" starttime="20220801 21:00:16.793" endtime="20220801 21:00:16.856"/>
</kw>
<kw name="Sleep" library="BuiltIn">
<arg>1.5s</arg>
<doc>Pauses the test executed for the given time.</doc>
<msg timestamp="20220801 21:00:18.356" level="INFO">Slept 1 second 500 milliseconds</msg>
<status status="PASS" starttime="20220801 21:00:16.856" endtime="20220801 21:00:18.357"/>
</kw>
<status status="PASS" starttime="20220801 21:00:16.793" endtime="20220801 21:00:18.357"/>
</kw>
<kw name="Verify Strongest Password" library="admin.resource">
<kw name="Wait Until Element Is Visible" library="SeleniumLibrary">
<arg>id:systemUser_password_strength_meter</arg>
<arg>10s</arg>
<doc>Waits until the element ``locator`` is visible.</doc>
<status status="PASS" starttime="20220801 21:00:18.358" endtime="20220801 21:00:19.042"/>
</kw>
<kw name="Element Should Contain" library="SeleniumLibrary">
<arg>id:systemUser_password_strength_meter</arg>
<arg>${passStrongest}</arg>
<doc>Verifies that element ``locator`` contains text ``expected``.</doc>
<msg timestamp="20220801 21:00:19.067" level="INFO">Element 'id:systemUser_password_strength_meter' contains text 'Strongest'.</msg>
<status status="PASS" starttime="20220801 21:00:19.042" endtime="20220801 21:00:19.068"/>
</kw>
<status status="PASS" starttime="20220801 21:00:18.357" endtime="20220801 21:00:19.068"/>
</kw>
<tag>Negative</tag>
<status status="PASS" starttime="20220801 21:00:13.336" endtime="20220801 21:00:19.068"/>
</test>
<test id="s1-s1-t12" name="Search By Username" line="91">
<kw name="Click Admin Menu" library="admin.resource">
<kw name="Wait Until Element Is Visible" library="SeleniumLibrary">
<arg>id:menu_admin_viewAdminModule</arg>
<arg>30s</arg>
<doc>Waits until the element ``locator`` is visible.</doc>
<status status="PASS" starttime="20220801 21:00:19.070" endtime="20220801 21:00:19.079"/>
</kw>
<kw name="Click Element" library="SeleniumLibrary">
<arg>id:menu_admin_viewAdminModule</arg>
<doc>Click the element identified by ``locator``.</doc>
<msg timestamp="20220801 21:00:19.080" level="INFO">Clicking element 'id:menu_admin_viewAdminModule'.</msg>
<status status="PASS" starttime="20220801 21:00:19.079" endtime="20220801 21:00:21.904"/>
</kw>
<status status="PASS" starttime="20220801 21:00:19.069" endtime="20220801 21:00:21.904"/>
</kw>
<kw name="Input Search Username" library="admin.resource">
<arg>${searchUsername}</arg>
<kw name="Input Text" library="SeleniumLibrary">
<arg>id:searchSystemUser_userName</arg>
<arg>${text}</arg>
<doc>Types the given ``text`` into the text field identified by ``locator``.</doc>
<msg timestamp="20220801 21:00:21.905" level="INFO">Typing text 'Charlie.Carter' into text field 'id:searchSystemUser_userName'.</msg>
<status status="PASS" starttime="20220801 21:00:21.905" endtime="20220801 21:00:21.954"/>
</kw>
<kw name="Sleep" library="BuiltIn">
<arg>1.5s</arg>
<doc>Pauses the test executed for the given time.</doc>
<msg timestamp="20220801 21:00:23.455" level="INFO">Slept 1 second 500 milliseconds</msg>
<status status="PASS" starttime="20220801 21:00:21.954" endtime="20220801 21:00:23.455"/>
</kw>
<status status="PASS" starttime="20220801 21:00:21.904" endtime="20220801 21:00:23.455"/>
</kw>
<kw name="Click Search Button" library="admin.resource">
<kw name="Wait Until Element Is Enabled" library="SeleniumLibrary">
<arg>id:searchBtn</arg>
<doc>Waits until the element ``locator`` is enabled.</doc>
<status status="PASS" starttime="20220801 21:00:23.456" endtime="20220801 21:00:23.485"/>
</kw>
<kw name="Click Element" library="SeleniumLibrary">
<arg>id:searchBtn</arg>
<doc>Click the element identified by ``locator``.</doc>
<msg timestamp="20220801 21:00:23.485" level="INFO">Clicking element 'id:searchBtn'.</msg>
<status status="PASS" starttime="20220801 21:00:23.485" endtime="20220801 21:00:24.478"/>
</kw>
<status status="PASS" starttime="20220801 21:00:23.455" endtime="20220801 21:00:24.478"/>
</kw>
<kw name="Verify Search Found" library="admin.resource">
<arg>${searchUsername}</arg>
<arg>1</arg>
<kw name="Element Should Contain" library="SeleniumLibrary">
<arg>xpath://td[@class="left"][${row}]</arg>
<arg>${search}</arg>
<doc>Verifies that element ``locator`` contains text ``expected``.</doc>
<msg timestamp="20220801 21:00:24.496" level="INFO">Element 'xpath://td[@class="left"][1]' contains text 'Charlie.Carter'.</msg>
<status status="PASS" starttime="20220801 21:00:24.478" endtime="20220801 21:00:24.496"/>
</kw>
<status status="PASS" starttime="20220801 21:00:24.478" endtime="20220801 21:00:24.496"/>
</kw>
<tag>Positive</tag>
<status status="PASS" starttime="20220801 21:00:19.069" endtime="20220801 21:00:24.496"/>
</test>
<test id="s1-s1-t13" name="Search By Role" line="98">
<kw name="Click Admin Menu" library="admin.resource">
<kw name="Wait Until Element Is Visible" library="SeleniumLibrary">
<arg>id:menu_admin_viewAdminModule</arg>
<arg>30s</arg>
<doc>Waits until the element ``locator`` is visible.</doc>
<status status="PASS" starttime="20220801 21:00:24.497" endtime="20220801 21:00:24.507"/>
</kw>
<kw name="Click Element" library="SeleniumLibrary">
<arg>id:menu_admin_viewAdminModule</arg>
<doc>Click the element identified by ``locator``.</doc>
<msg timestamp="20220801 21:00:24.507" level="INFO">Clicking element 'id:menu_admin_viewAdminModule'.</msg>
<status status="PASS" starttime="20220801 21:00:24.507" endtime="20220801 21:00:26.918"/>
</kw>
<status status="PASS" starttime="20220801 21:00:24.497" endtime="20220801 21:00:26.918"/>
</kw>
<kw name="Input Search Role" library="admin.resource">
<arg>${userRole}</arg>
<kw name="Click Element" library="SeleniumLibrary">
<arg>id:searchSystemUser_userType</arg>
<doc>Click the element identified by ``locator``.</doc>
<msg timestamp="20220801 21:00:26.919" level="INFO">Clicking element 'id:searchSystemUser_userType'.</msg>
<status status="PASS" starttime="20220801 21:00:26.919" endtime="20220801 21:00:26.956"/>
</kw>
<kw name="Select From List By Label" library="SeleniumLibrary">
<arg>id:searchSystemUser_userType</arg>
<arg>${role}</arg>
<doc>Selects options from selection list ``locator`` by ``labels``.</doc>
<msg timestamp="20220801 21:00:26.957" level="INFO">Selecting options from selection list 'id:searchSystemUser_userType' by label Admin.</msg>
<status status="PASS" starttime="20220801 21:00:26.956" endtime="20220801 21:00:26.992"/>
</kw>
<kw name="Sleep" library="BuiltIn">
<arg>1.5s</arg>
<doc>Pauses the test executed for the given time.</doc>
<msg timestamp="20220801 21:00:28.493" level="INFO">Slept 1 second 500 milliseconds</msg>
<status status="PASS" starttime="20220801 21:00:26.992" endtime="20220801 21:00:28.493"/>
</kw>
<status status="PASS" starttime="20220801 21:00:26.918" endtime="20220801 21:00:28.493"/>
</kw>
<kw name="Click Search Button" library="admin.resource">
<kw name="Wait Until Element Is Enabled" library="SeleniumLibrary">
<arg>id:searchBtn</arg>
<doc>Waits until the element ``locator`` is enabled.</doc>
<status status="PASS" starttime="20220801 21:00:28.494" endtime="20220801 21:00:28.525"/>
</kw>
<kw name="Click Element" library="SeleniumLibrary">
<arg>id:searchBtn</arg>
<doc>Click the element identified by ``locator``.</doc>
<msg timestamp="20220801 21:00:28.525" level="INFO">Clicking element 'id:searchBtn'.</msg>
<status status="PASS" starttime="20220801 21:00:28.525" endtime="20220801 21:00:29.780"/>
</kw>
<status status="PASS" starttime="20220801 21:00:28.494" endtime="20220801 21:00:29.780"/>
</kw>
<kw name="Verify Search Found" library="admin.resource">
<arg>${userRole}</arg>
<arg>2</arg>
<kw name="Element Should Contain" library="SeleniumLibrary">
<arg>xpath://td[@class="left"][${row}]</arg>
<arg>${search}</arg>
<doc>Verifies that element ``locator`` contains text ``expected``.</doc>
<msg timestamp="20220801 21:00:29.797" level="INFO">Element 'xpath://td[@class="left"][2]' contains text 'Admin'.</msg>
<status status="PASS" starttime="20220801 21:00:29.781" endtime="20220801 21:00:29.797"/>
</kw>
<status status="PASS" starttime="20220801 21:00:29.781" endtime="20220801 21:00:29.797"/>
</kw>
<tag>Positive</tag>
<status status="PASS" starttime="20220801 21:00:24.496" endtime="20220801 21:00:29.798"/>
</test>
<test id="s1-s1-t14" name="Search By Employee Name" line="105">
<kw name="Click Admin Menu" library="admin.resource">
<kw name="Wait Until Element Is Visible" library="SeleniumLibrary">
<arg>id:menu_admin_viewAdminModule</arg>
<arg>30s</arg>
<doc>Waits until the element ``locator`` is visible.</doc>
<status status="PASS" starttime="20220801 21:00:29.799" endtime="20220801 21:00:29.808"/>
</kw>
<kw name="Click Element" library="SeleniumLibrary">
<arg>id:menu_admin_viewAdminModule</arg>
<doc>Click the element identified by ``locator``.</doc>
<msg timestamp="20220801 21:00:29.808" level="INFO">Clicking element 'id:menu_admin_viewAdminModule'.</msg>
<status status="PASS" starttime="20220801 21:00:29.808" endtime="20220801 21:00:31.949"/>
</kw>
<status status="PASS" starttime="20220801 21:00:29.799" endtime="20220801 21:00:31.949"/>
</kw>
<kw name="Input Search Employee" library="admin.resource">
<arg>${EmployeeName}</arg>
<kw name="Input Text" library="SeleniumLibrary">
<arg>id:searchSystemUser_employeeName_empName</arg>
<arg>${text}</arg>
<doc>Types the given ``text`` into the text field identified by ``locator``.</doc>
<msg timestamp="20220801 21:00:31.950" level="INFO">Typing text 'Charlie Carter' into text field 'id:searchSystemUser_employeeName_empName'.</msg>
<status status="PASS" starttime="20220801 21:00:31.950" endtime="20220801 21:00:32.001"/>
</kw>
<kw name="Press Keys" library="SeleniumLibrary">
<arg>id:searchSystemUser_employeeName_empName</arg>
<arg>RETURN</arg>
<doc>Simulates the user pressing key(s) to an element or on the active browser.</doc>
<msg timestamp="20220801 21:00:32.002" level="INFO">Sending key(s) ('RETURN',) to id:searchSystemUser_employeeName_empName element.</msg>
<msg timestamp="20220801 21:00:32.289" level="INFO">Pressing special key RETURN to element.</msg>
<msg timestamp="20220801 21:00:32.289" level="INFO">Releasing special key RETURN.</msg>
<status status="PASS" starttime="20220801 21:00:32.002" endtime="20220801 21:00:32.298"/>
</kw>
<kw name="Sleep" library="BuiltIn">
<arg>1.5s</arg>
<doc>Pauses the test executed for the given time.</doc>
<msg timestamp="20220801 21:00:33.799" level="INFO">Slept 1 second 500 milliseconds</msg>
<status status="PASS" starttime="20220801 21:00:32.298" endtime="20220801 21:00:33.799"/>
</kw>
<status status="PASS" starttime="20220801 21:00:31.949" endtime="20220801 21:00:33.799"/>
</kw>
<kw name="Click Search Button" library="admin.resource">
<kw name="Wait Until Element Is Enabled" library="SeleniumLibrary">
<arg>id:searchBtn</arg>
<doc>Waits until the element ``locator`` is enabled.</doc>
<status status="PASS" starttime="20220801 21:00:33.800" endtime="20220801 21:00:33.820"/>
</kw>
<kw name="Click Element" library="SeleniumLibrary">
<arg>id:searchBtn</arg>
<doc>Click the element identified by ``locator``.</doc>
<msg timestamp="20220801 21:00:33.820" level="INFO">Clicking element 'id:searchBtn'.</msg>
<status status="PASS" starttime="20220801 21:00:33.820" endtime="20220801 21:00:35.027"/>
</kw>
<status status="PASS" starttime="20220801 21:00:33.799" endtime="20220801 21:00:35.028"/>
</kw>
<kw name="Verify Search Found" library="admin.resource">
<arg>${EmployeeName}</arg>
<arg>3</arg>
<kw name="Element Should Contain" library="SeleniumLibrary">
<arg>xpath://td[@class="left"][${row}]</arg>
<arg>${search}</arg>
<doc>Verifies that element ``locator`` contains text ``expected``.</doc>
<msg timestamp="20220801 21:00:35.044" level="INFO">Element 'xpath://td[@class="left"][3]' contains text 'Charlie Carter'.</msg>
<status status="PASS" starttime="20220801 21:00:35.028" endtime="20220801 21:00:35.044"/>
</kw>
<status status="PASS" starttime="20220801 21:00:35.028" endtime="20220801 21:00:35.045"/>
</kw>
<tag>Positive</tag>
<status status="PASS" starttime="20220801 21:00:29.798" endtime="20220801 21:00:35.045"/>
</test>
<test id="s1-s1-t15" name="Search By Status" line="112">
<kw name="Click Admin Menu" library="admin.resource">
<kw name="Wait Until Element Is Visible" library="SeleniumLibrary">
<arg>id:menu_admin_viewAdminModule</arg>
<arg>30s</arg>
<doc>Waits until the element ``locator`` is visible.</doc>
<status status="PASS" starttime="20220801 21:00:35.046" endtime="20220801 21:00:35.055"/>
</kw>
<kw name="Click Element" library="SeleniumLibrary">
<arg>id:menu_admin_viewAdminModule</arg>
<doc>Click the element identified by ``locator``.</doc>
<msg timestamp="20220801 21:00:35.056" level="INFO">Clicking element 'id:menu_admin_viewAdminModule'.</msg>
<status status="PASS" starttime="20220801 21:00:35.055" endtime="20220801 21:00:37.276"/>
</kw>
<status status="PASS" starttime="20220801 21:00:35.046" endtime="20220801 21:00:37.276"/>
</kw>
<kw name="Input Search Status" library="admin.resource">
<arg>${userStatus}</arg>
<kw name="Click Element" library="SeleniumLibrary">
<arg>id:searchSystemUser_status</arg>
<doc>Click the element identified by ``locator``.</doc>
<msg timestamp="20220801 21:00:37.277" level="INFO">Clicking element 'id:searchSystemUser_status'.</msg>
<status status="PASS" starttime="20220801 21:00:37.277" endtime="20220801 21:00:37.312"/>
</kw>
<kw name="Select From List By Label" library="SeleniumLibrary">
<arg>id:searchSystemUser_status</arg>
<arg>${status}</arg>
<doc>Selects options from selection list ``locator`` by ``labels``.</doc>
<msg timestamp="20220801 21:00:37.313" level="INFO">Selecting options from selection list 'id:searchSystemUser_status' by label Enabled.</msg>
<status status="PASS" starttime="20220801 21:00:37.313" endtime="20220801 21:00:37.349"/>
</kw>
<kw name="Sleep" library="BuiltIn">
<arg>1.5s</arg>
<doc>Pauses the test executed for the given time.</doc>
<msg timestamp="20220801 21:00:38.849" level="INFO">Slept 1 second 500 milliseconds</msg>
<status status="PASS" starttime="20220801 21:00:37.349" endtime="20220801 21:00:38.850"/>
</kw>
<status status="PASS" starttime="20220801 21:00:37.276" endtime="20220801 21:00:38.850"/>
</kw>
<kw name="Click Search Button" library="admin.resource">
<kw name="Wait Until Element Is Enabled" library="SeleniumLibrary">
<arg>id:searchBtn</arg>
<doc>Waits until the element ``locator`` is enabled.</doc>
<status status="PASS" starttime="20220801 21:00:38.851" endtime="20220801 21:00:38.870"/>
</kw>
<kw name="Click Element" library="SeleniumLibrary">
<arg>id:searchBtn</arg>
<doc>Click the element identified by ``locator``.</doc>
<msg timestamp="20220801 21:00:38.871" level="INFO">Clicking element 'id:searchBtn'.</msg>
<status status="PASS" starttime="20220801 21:00:38.870" endtime="20220801 21:00:40.922"/>
</kw>
<status status="PASS" starttime="20220801 21:00:38.850" endtime="20220801 21:00:40.922"/>
</kw>
<kw name="Verify Search Found" library="admin.resource">
<arg>${userStatus}</arg>
<arg>4</arg>
<kw name="Element Should Contain" library="SeleniumLibrary">
<arg>xpath://td[@class="left"][${row}]</arg>
<arg>${search}</arg>
<doc>Verifies that element ``locator`` contains text ``expected``.</doc>
<msg timestamp="20220801 21:00:40.939" level="INFO">Element 'xpath://td[@class="left"][4]' contains text 'Enabled'.</msg>
<status status="PASS" starttime="20220801 21:00:40.922" endtime="20220801 21:00:40.939"/>
</kw>
<status status="PASS" starttime="20220801 21:00:40.922" endtime="20220801 21:00:40.939"/>
</kw>
<tag>Positive</tag>
<status status="PASS" starttime="20220801 21:00:35.045" endtime="20220801 21:00:40.939"/>
</test>
<test id="s1-s1-t16" name="Search not Found" line="119">
<kw name="Click Admin Menu" library="admin.resource">
<kw name="Wait Until Element Is Visible" library="SeleniumLibrary">
<arg>id:menu_admin_viewAdminModule</arg>
<arg>30s</arg>
<doc>Waits until the element ``locator`` is visible.</doc>
<status status="PASS" starttime="20220801 21:00:40.940" endtime="20220801 21:00:40.949"/>
</kw>
<kw name="Click Element" library="SeleniumLibrary">
<arg>id:menu_admin_viewAdminModule</arg>
<doc>Click the element identified by ``locator``.</doc>
<msg timestamp="20220801 21:00:40.950" level="INFO">Clicking element 'id:menu_admin_viewAdminModule'.</msg>
<status status="PASS" starttime="20220801 21:00:40.950" endtime="20220801 21:00:42.906"/>
</kw>
<status status="PASS" starttime="20220801 21:00:40.940" endtime="20220801 21:00:42.906"/>
</kw>
<kw name="Input Search Username" library="admin.resource">
<arg>${unlistedEmp}</arg>
<kw name="Input Text" library="SeleniumLibrary">
<arg>id:searchSystemUser_userName</arg>
<arg>${text}</arg>
<doc>Types the given ``text`` into the text field identified by ``locator``.</doc>
<msg timestamp="20220801 21:00:42.906" level="INFO">Typing text 'Ronaldowati' into text field 'id:searchSystemUser_userName'.</msg>
<status status="PASS" starttime="20220801 21:00:42.906" endtime="20220801 21:00:42.954"/>
</kw>
<kw name="Sleep" library="BuiltIn">
<arg>1.5s</arg>
<doc>Pauses the test executed for the given time.</doc>
<msg timestamp="20220801 21:00:44.454" level="INFO">Slept 1 second 500 milliseconds</msg>
<status status="PASS" starttime="20220801 21:00:42.954" endtime="20220801 21:00:44.454"/>
</kw>
<status status="PASS" starttime="20220801 21:00:42.906" endtime="20220801 21:00:44.455"/>
</kw>
<kw name="Click Search Button" library="admin.resource">
<kw name="Wait Until Element Is Enabled" library="SeleniumLibrary">
<arg>id:searchBtn</arg>
<doc>Waits until the element ``locator`` is enabled.</doc>
<status status="PASS" starttime="20220801 21:00:44.456" endtime="20220801 21:00:44.476"/>
</kw>
<kw name="Click Element" library="SeleniumLibrary">
<arg>id:searchBtn</arg>
<doc>Click the element identified by ``locator``.</doc>
<msg timestamp="20220801 21:00:44.476" level="INFO">Clicking element 'id:searchBtn'.</msg>
<status status="PASS" starttime="20220801 21:00:44.476" endtime="20220801 21:00:46.369"/>
</kw>
<status status="PASS" starttime="20220801 21:00:44.455" endtime="20220801 21:00:46.369"/>
</kw>
<kw name="Verify Search Not Found" library="admin.resource">
<kw name="Element Should Contain" library="SeleniumLibrary">
<arg>xpath://tbody/tr/td</arg>
<arg>${dataNotFound}</arg>
<doc>Verifies that element ``locator`` contains text ``expected``.</doc>
<msg timestamp="20220801 21:00:46.386" level="INFO">Element 'xpath://tbody/tr/td' contains text 'No Records Found'.</msg>
<status status="PASS" starttime="20220801 21:00:46.370" endtime="20220801 21:00:46.386"/>
</kw>
<status status="PASS" starttime="20220801 21:00:46.369" endtime="20220801 21:00:46.386"/>
</kw>
<tag>Negative</tag>
<status status="PASS" starttime="20220801 21:00:40.940" endtime="20220801 21:00:46.386"/>
</test>
<kw name="Close Browser" library="login.resource" type="TEARDOWN">
<kw name="Close All Browsers" library="SeleniumLibrary">
<doc>Closes all open browsers and resets the browser cache.</doc>
<status status="PASS" starttime="20220801 21:00:46.387" endtime="20220801 21:00:46.446"/>
</kw>
<status status="PASS" starttime="20220801 21:00:46.387" endtime="20220801 21:00:46.446"/>
</kw>
<status status="PASS" starttime="20220801 20:58:54.037" endtime="20220801 21:00:46.446"/>
</suite>
<suite id="s1-s2" name="Buzz.Test" source="/home/ferdian/Documents/My Github Project/robot-framework-project/test/buzz.test.robot">
<kw name="Login to OrangeHRM Website" library="login.resource" type="SETUP">
<doc>Jika Verifikasi Failed, Berarti Akun Admin sedang Bermasalah dan Tidak bisa Login</doc>
<kw name="Open Browser" library="SeleniumLibrary">
<arg>${LoginUrl}</arg>
<arg>${Browser}</arg>
<doc>Opens a new browser instance to the optional ``url``.</doc>
<msg timestamp="20220801 21:00:46.489" level="INFO">Opening browser 'Chrome' to base url 'https://opensource-demo.orangehrmlive.com/'.</msg>
<status status="PASS" starttime="20220801 21:00:46.489" endtime="20220801 21:00:55.092"/>
</kw>
<kw name="Input Text" library="SeleniumLibrary">
<arg>id:txtUsername</arg>
<arg>${userLogin}</arg>
<doc>Types the given ``text`` into the text field identified by ``locator``.</doc>
<msg timestamp="20220801 21:00:55.093" level="INFO">Typing text 'Admin' into text field 'id:txtUsername'.</msg>
<status status="PASS" starttime="20220801 21:00:55.092" endtime="20220801 21:00:55.136"/>
</kw>
<kw name="Input Text" library="SeleniumLibrary">
<arg>id:txtPassword</arg>
<arg>${password}</arg>
<doc>Types the given ``text`` into the text field identified by ``locator``.</doc>
<msg timestamp="20220801 21:00:55.136" level="INFO">Typing text 'admin123' into text field 'id:txtPassword'.</msg>
<status status="PASS" starttime="20220801 21:00:55.136" endtime="20220801 21:00:55.177"/>
</kw>
<kw name="Click Element" library="SeleniumLibrary">
<arg>id:btnLogin</arg>
<doc>Click the element identified by ``locator``.</doc>
<msg timestamp="20220801 21:00:55.178" level="INFO">Clicking element 'id:btnLogin'.</msg>
<status status="PASS" starttime="20220801 21:00:55.178" endtime="20220801 21:01:03.503"/>
</kw>
<kw name="Page Should Contain Image" library="SeleniumLibrary">
<arg>xpath://img[@alt="OrangeHRM"]</arg>
<doc>Verifies image identified by ``locator`` is found from current page.</doc>
<msg timestamp="20220801 21:01:03.512" level="INFO">Current page contains image 'xpath://img[@alt="OrangeHRM"]'.</msg>
<status status="PASS" starttime="20220801 21:01:03.503" endtime="20220801 21:01:03.512"/>
</kw>
<status status="PASS" starttime="20220801 21:00:46.489" endtime="20220801 21:01:03.512"/>
</kw>
<test id="s1-s2-t1" name="Admin Successfully Go to Buzz Menu" line="8">
<kw name="Click Buzz Menu" library="buzz.resource">
<kw name="Wait Until Element Is Visible" library="SeleniumLibrary">
<arg>id:menu_buzz_viewBuzz</arg>
<arg>30s</arg>
<doc>Waits until the element ``locator`` is visible.</doc>
<status status="PASS" starttime="20220801 21:01:03.513" endtime="20220801 21:01:03.528"/>
</kw>
<kw name="Click Element" library="SeleniumLibrary">
<arg>id:menu_buzz_viewBuzz</arg>
<doc>Click the element identified by ``locator``.</doc>
<msg timestamp="20220801 21:01:03.529" level="INFO">Clicking element 'id:menu_buzz_viewBuzz'.</msg>
<status status="PASS" starttime="20220801 21:01:03.528" endtime="20220801 21:01:16.085"/>
</kw>
<status status="PASS" starttime="20220801 21:01:03.513" endtime="20220801 21:01:16.085"/>
</kw>
<kw name="Verify Buzz Menu Open" library="buzz.resource">
<kw name="Element Should Be Enabled" library="SeleniumLibrary">
<arg>xpath://*[contains(@class, 'tabSelected')]</arg>
<doc>Verifies that element identified by ``locator`` is enabled.</doc>
<status status="PASS" starttime="20220801 21:01:16.085" endtime="20220801 21:01:16.109"/>
</kw>
<kw name="Element Should Be Visible" library="SeleniumLibrary">
<arg>id:tabLink1</arg>
<doc>Verifies that the element identified by ``locator`` is visible.</doc>
<msg timestamp="20220801 21:01:16.122" level="INFO">Element 'id:tabLink1' is displayed.</msg>
<status status="PASS" starttime="20220801 21:01:16.109" endtime="20220801 21:01:16.122"/>
</kw>
<kw name="Element Should Be Visible" library="SeleniumLibrary">
<arg>id:tabLink2</arg>
<doc>Verifies that the element identified by ``locator`` is visible.</doc>
<msg timestamp="20220801 21:01:16.133" level="INFO">Element 'id:tabLink2' is displayed.</msg>
<status status="PASS" starttime="20220801 21:01:16.122" endtime="20220801 21:01:16.133"/>
</kw>
<kw name="Element Should Be Visible" library="SeleniumLibrary">
<arg>id:tabLink3</arg>
<doc>Verifies that the element identified by ``locator`` is visible.</doc>
<msg timestamp="20220801 21:01:16.144" level="INFO">Element 'id:tabLink3' is displayed.</msg>
<status status="PASS" starttime="20220801 21:01:16.133" endtime="20220801 21:01:16.144"/>
</kw>
<status status="PASS" starttime="20220801 21:01:16.085" endtime="20220801 21:01:16.144"/>
</kw>
<tag>Positive</tag>
<status status="PASS" starttime="20220801 21:01:03.512" endtime="20220801 21:01:16.145"/>
</test>
<test id="s1-s2-t2" name="Admin Post Status" line="13">
<kw name="Click Buzz Menu" library="buzz.resource">
<kw name="Wait Until Element Is Visible" library="SeleniumLibrary">
<arg>id:menu_buzz_viewBuzz</arg>
<arg>30s</arg>
<doc>Waits until the element ``locator`` is visible.</doc>
<status status="PASS" starttime="20220801 21:01:16.146" endtime="20220801 21:01:16.157"/>
</kw>
<kw name="Click Element" library="SeleniumLibrary">
<arg>id:menu_buzz_viewBuzz</arg>
<doc>Click the element identified by ``locator``.</doc>
<msg timestamp="20220801 21:01:16.157" level="INFO">Clicking element 'id:menu_buzz_viewBuzz'.</msg>
<status status="PASS" starttime="20220801 21:01:16.157" endtime="20220801 21:01:20.058"/>
</kw>
<status status="PASS" starttime="20220801 21:01:16.145" endtime="20220801 21:01:20.058"/>
</kw>
<kw name="Input Status" library="buzz.resource">
<arg>${status}</arg>
<kw name="Sleep" library="BuiltIn">
<arg>2s</arg>
<doc>Pauses the test executed for the given time.</doc>
<msg timestamp="20220801 21:01:22.059" level="INFO">Slept 2 seconds</msg>
<status status="PASS" starttime="20220801 21:01:20.059" endtime="20220801 21:01:22.060"/>
</kw>
<kw name="Input Text" library="SeleniumLibrary">
<arg>id:createPost_content</arg>
<arg>${text}</arg>
<doc>Types the given ``text`` into the text field identified by ``locator``.</doc>
<msg timestamp="20220801 21:01:22.061" level="INFO">Typing text 'Sanbercode Seru Banget Guyss' into text field 'id:createPost_content'.</msg>
<status status="PASS" starttime="20220801 21:01:22.060" endtime="20220801 21:01:22.135"/>
</kw>
<kw name="Sleep" library="BuiltIn">
<arg>1.5s</arg>
<doc>Pauses the test executed for the given time.</doc>
<msg timestamp="20220801 21:01:23.636" level="INFO">Slept 1 second 500 milliseconds</msg>
<status status="PASS" starttime="20220801 21:01:22.136" endtime="20220801 21:01:23.636"/>
</kw>
<status status="PASS" starttime="20220801 21:01:20.059" endtime="20220801 21:01:23.636"/>
</kw>
<kw name="Click Post Button" library="buzz.resource">
<kw name="Click Element" library="SeleniumLibrary">
<arg>id:postSubmitBtn</arg>
<doc>Click the element identified by ``locator``.</doc>
<msg timestamp="20220801 21:01:23.638" level="INFO">Clicking element 'id:postSubmitBtn'.</msg>
<status status="PASS" starttime="20220801 21:01:23.637" endtime="20220801 21:01:23.692"/>
</kw>
<status status="PASS" starttime="20220801 21:01:23.637" endtime="20220801 21:01:23.692"/>
</kw>
<tag>Positive</tag>
<status status="PASS" starttime="20220801 21:01:16.145" endtime="20220801 21:01:23.693"/>
</test>
<test id="s1-s2-t3" name="Admin Delete Status" line="19">
<kw name="Click Buzz Menu" library="buzz.resource">
<kw name="Wait Until Element Is Visible" library="SeleniumLibrary">
<arg>id:menu_buzz_viewBuzz</arg>
<arg>30s</arg>
<doc>Waits until the element ``locator`` is visible.</doc>
<status status="PASS" starttime="20220801 21:01:23.694" endtime="20220801 21:01:23.706"/>
</kw>
<kw name="Click Element" library="SeleniumLibrary">
<arg>id:menu_buzz_viewBuzz</arg>
<doc>Click the element identified by ``locator``.</doc>
<msg timestamp="20220801 21:01:23.706" level="INFO">Clicking element 'id:menu_buzz_viewBuzz'.</msg>
<status status="PASS" starttime="20220801 21:01:23.706" endtime="20220801 21:01:28.419"/>
</kw>
<status status="PASS" starttime="20220801 21:01:23.694" endtime="20220801 21:01:28.419"/>
</kw>
<kw name="Click V Button in Newest Status" library="buzz.resource">
<kw name="Click Element" library="SeleniumLibrary">
<arg>xpath:(//a[@class="account"])[1]</arg>
<doc>Click the element identified by ``locator``.</doc>
<msg timestamp="20220801 21:01:28.420" level="INFO">Clicking element 'xpath:(//a[@class="account"])[1]'.</msg>
<status status="PASS" starttime="20220801 21:01:28.420" endtime="20220801 21:01:28.460"/>
</kw>
<kw name="Sleep" library="BuiltIn">
<arg>1.5s</arg>
<doc>Pauses the test executed for the given time.</doc>
<msg timestamp="20220801 21:01:29.961" level="INFO">Slept 1 second 500 milliseconds</msg>
<status status="PASS" starttime="20220801 21:01:28.460" endtime="20220801 21:01:29.961"/>
</kw>
<status status="PASS" starttime="20220801 21:01:28.419" endtime="20220801 21:01:29.961"/>
</kw>
<kw name="Click Delete Button" library="buzz.resource">
<kw name="Wait Until Element Is Visible" library="SeleniumLibrary">
<arg>xpath:(//a[@class="deleteShare"])[1]</arg>
<doc>Waits until the element ``locator`` is visible.</doc>
<status status="PASS" starttime="20220801 21:01:29.962" endtime="20220801 21:01:29.984"/>
</kw>
<kw name="Click Element" library="SeleniumLibrary">
<arg>xpath:(//a[@class="deleteShare"])[1]</arg>
<doc>Click the element identified by ``locator``.</doc>
<msg timestamp="20220801 21:01:29.985" level="INFO">Clicking element 'xpath:(//a[@class="deleteShare"])[1]'.</msg>
<status status="PASS" starttime="20220801 21:01:29.985" endtime="20220801 21:01:30.010"/>
</kw>
<status status="PASS" starttime="20220801 21:01:29.961" endtime="20220801 21:01:30.010"/>
</kw>
<kw name="Click Yes Button" library="buzz.resource">
<kw name="Click Element" library="SeleniumLibrary">
<arg>id:delete_confirm</arg>
<doc>Click the element identified by ``locator``.</doc>
<msg timestamp="20220801 21:01:30.011" level="INFO">Clicking element 'id:delete_confirm'.</msg>
<status status="PASS" starttime="20220801 21:01:30.011" endtime="20220801 21:01:30.051"/>
</kw>
<status status="PASS" starttime="20220801 21:01:30.010" endtime="20220801 21:01:30.052"/>
</kw>
<kw name="Verify Status Deleted" library="buzz.resource">
<arg>${status}</arg>
<kw name="Reload Page" library="SeleniumLibrary">
<doc>Simulates user reloading page.</doc>
<status status="PASS" starttime="20220801 21:01:30.052" endtime="20220801 21:01:35.953"/>
</kw>
<kw name="Element Should Not Contain" library="SeleniumLibrary">
<arg>xpath:(//div[@class="postContent"])[1]</arg>
<arg>${before}</arg>
<doc>Verifies that element ``locator`` does not contain text ``expected``.</doc>
<msg timestamp="20220801 21:01:35.968" level="INFO">Element 'xpath:(//div[@class="postContent"])[1]' does not contain text 'Sanbercode Seru Banget Guyss'.</msg>
<status status="PASS" starttime="20220801 21:01:35.953" endtime="20220801 21:01:35.968"/>
</kw>
<status status="PASS" starttime="20220801 21:01:30.052" endtime="20220801 21:01:35.968"/>
</kw>
<tag>Positive</tag>
<status status="PASS" starttime="20220801 21:01:23.693" endtime="20220801 21:01:35.968"/>
</test>
<test id="s1-s2-t4" name="Admin Successfully Go to Upload Image Section Menu" line="27">
<kw name="Click Buzz Menu" library="buzz.resource">
<kw name="Wait Until Element Is Visible" library="SeleniumLibrary">
<arg>id:menu_buzz_viewBuzz</arg>
<arg>30s</arg>
<doc>Waits until the element ``locator`` is visible.</doc>
<status status="PASS" starttime="20220801 21:01:35.969" endtime="20220801 21:01:35.979"/>
</kw>
<kw name="Click Element" library="SeleniumLibrary">
<arg>id:menu_buzz_viewBuzz</arg>
<doc>Click the element identified by ``locator``.</doc>
<msg timestamp="20220801 21:01:35.980" level="INFO">Clicking element 'id:menu_buzz_viewBuzz'.</msg>
<status status="PASS" starttime="20220801 21:01:35.979" endtime="20220801 21:01:40.482"/>
</kw>
<status status="PASS" starttime="20220801 21:01:35.969" endtime="20220801 21:01:40.482"/>
</kw>
<kw name="Click Upload Image Menu" library="buzz.resource">
<kw name="Click Element" library="SeleniumLibrary">
<arg>id:tabLink2</arg>
<doc>Click the element identified by ``locator``.</doc>
<msg timestamp="20220801 21:01:40.483" level="INFO">Clicking element 'id:tabLink2'.</msg>
<status status="PASS" starttime="20220801 21:01:40.482" endtime="20220801 21:01:40.964"/>
</kw>
<status status="PASS" starttime="20220801 21:01:40.482" endtime="20220801 21:01:40.964"/>
</kw>
<kw name="Verify Upload Image Menu Open" library="buzz.resource">
<kw name="Element Should Be Enabled" library="SeleniumLibrary">
<arg>xpath://*[contains(@class, 'tabSelected')]</arg>
<doc>Verifies that element identified by ``locator`` is enabled.</doc>
<status status="PASS" starttime="20220801 21:01:40.965" endtime="20220801 21:01:40.992"/>
</kw>
<kw name="Element Should Be Visible" library="SeleniumLibrary">
<arg>id:frmUploadImage</arg>
<doc>Verifies that the element identified by ``locator`` is visible.</doc>
<msg timestamp="20220801 21:01:41.002" level="INFO">Element 'id:frmUploadImage' is displayed.</msg>
<status status="PASS" starttime="20220801 21:01:40.992" endtime="20220801 21:01:41.002"/>
</kw>
<status status="PASS" starttime="20220801 21:01:40.964" endtime="20220801 21:01:41.002"/>
</kw>
<tag>Positive</tag>
<status status="PASS" starttime="20220801 21:01:35.969" endtime="20220801 21:01:41.003"/>
</test>
<test id="s1-s2-t5" name="Admin Successfully Go to Share Video Section Menu" line="33">
<kw name="Click Buzz Menu" library="buzz.resource">
<kw name="Wait Until Element Is Visible" library="SeleniumLibrary">
<arg>id:menu_buzz_viewBuzz</arg>
<arg>30s</arg>
<doc>Waits until the element ``locator`` is visible.</doc>
<status status="PASS" starttime="20220801 21:01:41.003" endtime="20220801 21:01:41.014"/>
</kw>
<kw name="Click Element" library="SeleniumLibrary">
<arg>id:menu_buzz_viewBuzz</arg>
<doc>Click the element identified by ``locator``.</doc>
<msg timestamp="20220801 21:01:41.014" level="INFO">Clicking element 'id:menu_buzz_viewBuzz'.</msg>
<status status="PASS" starttime="20220801 21:01:41.014" endtime="20220801 21:01:47.222"/>
</kw>
<status status="PASS" starttime="20220801 21:01:41.003" endtime="20220801 21:01:47.222"/>
</kw>
<kw name="Click Share Video Menu" library="buzz.resource">
<kw name="Click Element" library="SeleniumLibrary">
<arg>id:tabLink3</arg>
<doc>Click the element identified by ``locator``.</doc>
<msg timestamp="20220801 21:01:47.223" level="INFO">Clicking element 'id:tabLink3'.</msg>
<status status="PASS" starttime="20220801 21:01:47.222" endtime="20220801 21:01:47.717"/>
</kw>
<status status="PASS" starttime="20220801 21:01:47.222" endtime="20220801 21:01:47.718"/>
</kw>
<kw name="Verify Share Video Open" library="buzz.resource">
<kw name="Element Should Be Enabled" library="SeleniumLibrary">
<arg>xpath://*[contains(@class, 'tabSelected')]</arg>
<doc>Verifies that element identified by ``locator`` is enabled.</doc>
<status status="PASS" starttime="20220801 21:01:47.719" endtime="20220801 21:01:47.756"/>
</kw>
<kw name="Element Should Be Visible" library="SeleniumLibrary">
<arg>id:frmUploadVideo</arg>
<doc>Verifies that the element identified by ``locator`` is visible.</doc>
<msg timestamp="20220801 21:01:47.771" level="INFO">Element 'id:frmUploadVideo' is displayed.</msg>
<status status="PASS" starttime="20220801 21:01:47.757" endtime="20220801 21:01:47.771"/>
</kw>
<status status="PASS" starttime="20220801 21:01:47.718" endtime="20220801 21:01:47.771"/>
</kw>
<tag>Positive</tag>
<status status="PASS" starttime="20220801 21:01:41.003" endtime="20220801 21:01:47.771"/>
</test>
<kw name="Close Browser" library="login.resource" type="TEARDOWN">
<kw name="Close All Browsers" library="SeleniumLibrary">
<doc>Closes all open browsers and resets the browser cache.</doc>
<status status="PASS" starttime="20220801 21:01:47.772" endtime="20220801 21:01:47.828"/>
</kw>
<status status="PASS" starttime="20220801 21:01:47.772" endtime="20220801 21:01:47.829"/>
</kw>
<status status="PASS" starttime="20220801 21:00:46.448" endtime="20220801 21:01:47.829"/>
</suite>
<suite id="s1-s3" name="Dashboard.Test" source="/home/ferdian/Documents/My Github Project/robot-framework-project/test/dashboard.test.robot">
<kw name="Login to OrangeHRM Website" library="login.resource" type="SETUP">
<doc>Jika Verifikasi Failed, Berarti Akun Admin sedang Bermasalah dan Tidak bisa Login</doc>
<kw name="Open Browser" library="SeleniumLibrary">
<arg>${LoginUrl}</arg>
<arg>${Browser}</arg>
<doc>Opens a new browser instance to the optional ``url``.</doc>
<msg timestamp="20220801 21:01:47.836" level="INFO">Opening browser 'Chrome' to base url 'https://opensource-demo.orangehrmlive.com/'.</msg>
<status status="PASS" starttime="20220801 21:01:47.836" endtime="20220801 21:01:53.871"/>
</kw>
<kw name="Input Text" library="SeleniumLibrary">
<arg>id:txtUsername</arg>
<arg>${userLogin}</arg>
<doc>Types the given ``text`` into the text field identified by ``locator``.</doc>
<msg timestamp="20220801 21:01:53.872" level="INFO">Typing text 'Admin' into text field 'id:txtUsername'.</msg>
<status status="PASS" starttime="20220801 21:01:53.871" endtime="20220801 21:01:53.915"/>
</kw>
<kw name="Input Text" library="SeleniumLibrary">
<arg>id:txtPassword</arg>
<arg>${password}</arg>
<doc>Types the given ``text`` into the text field identified by ``locator``.</doc>
<msg timestamp="20220801 21:01:53.916" level="INFO">Typing text 'admin123' into text field 'id:txtPassword'.</msg>
<status status="PASS" starttime="20220801 21:01:53.915" endtime="20220801 21:01:53.958"/>
</kw>
<kw name="Click Element" library="SeleniumLibrary">
<arg>id:btnLogin</arg>
<doc>Click the element identified by ``locator``.</doc>
<msg timestamp="20220801 21:01:53.958" level="INFO">Clicking element 'id:btnLogin'.</msg>
<status status="PASS" starttime="20220801 21:01:53.958" endtime="20220801 21:02:00.344"/>
</kw>
<kw name="Page Should Contain Image" library="SeleniumLibrary">
<arg>xpath://img[@alt="OrangeHRM"]</arg>
<doc>Verifies image identified by ``locator`` is found from current page.</doc>
<msg timestamp="20220801 21:02:00.355" level="INFO">Current page contains image 'xpath://img[@alt="OrangeHRM"]'.</msg>
<status status="PASS" starttime="20220801 21:02:00.344" endtime="20220801 21:02:00.355"/>
</kw>
<status status="PASS" starttime="20220801 21:01:47.836" endtime="20220801 21:02:00.355"/>
</kw>
<test id="s1-s3-t1" name="Admin want to go to Assign Leave menu from Dashboard Quick Launch List" line="9">
<kw name="Click Dashboard Menu" library="dashboard.resource">
<kw name="Wait Until Element Is Visible" library="SeleniumLibrary">
<arg>id:menu_dashboard_index</arg>
<arg>30s</arg>
<doc>Waits until the element ``locator`` is visible.</doc>
<status status="PASS" starttime="20220801 21:02:00.356" endtime="20220801 21:02:00.371"/>
</kw>
<kw name="Click Element" library="SeleniumLibrary">
<arg>id:menu_dashboard_index</arg>
<doc>Click the element identified by ``locator``.</doc>
<msg timestamp="20220801 21:02:00.371" level="INFO">Clicking element 'id:menu_dashboard_index'.</msg>
<status status="PASS" starttime="20220801 21:02:00.371" endtime="20220801 21:02:01.490"/>
</kw>
<status status="PASS" starttime="20220801 21:02:00.356" endtime="20220801 21:02:01.490"/>
</kw>
<kw name="Click Assign Leave Icon" library="dashboard.resource">
<kw name="Wait Until Element Is Visible" library="SeleniumLibrary">
[...]
<kw name="Verify Search Vacancies" library="recruitment.resource">
<arg>${jobTitle}</arg>
<kw name="Element Should Contain" library="SeleniumLibrary">
<arg>xpath:(//td[@class="left"][2])[1]</arg>
<arg>${validator}</arg>
<doc>Verifies that element ``locator`` contains text ``expected``.</doc>
<msg timestamp="20220801 21:07:18.730" level="INFO">Element 'xpath:(//td[@class="left"][2])[1]' contains text 'QA Lead'.</msg>
<status status="PASS" starttime="20220801 21:07:18.714" endtime="20220801 21:07:18.730"/>
</kw>
<status status="PASS" starttime="20220801 21:07:18.713" endtime="20220801 21:07:18.730"/>
</kw>
<tag>Positive</tag>
<status status="PASS" starttime="20220801 21:07:09.770" endtime="20220801 21:07:18.730"/>
</test>
<kw name="Close Browser" library="login.resource" type="TEARDOWN">
<kw name="Close All Browsers" library="SeleniumLibrary">
<doc>Closes all open browsers and resets the browser cache.</doc>
<status status="PASS" starttime="20220801 21:07:18.731" endtime="20220801 21:07:18.789"/>
</kw>
<status status="PASS" starttime="20220801 21:07:18.731" endtime="20220801 21:07:18.789"/>
</kw>
<status status="PASS" starttime="20220801 21:06:38.102" endtime="20220801 21:07:18.789"/>
</suite>
<suite id="s1-s12" name="Time.Test" source="/home/ferdian/Documents/My Github Project/robot-framework-project/test/time.test.robot">
<kw name="Login to OrangeHRM Website" library="login.resource" type="SETUP">
<doc>Jika Verifikasi Failed, Berarti Akun Admin sedang Bermasalah dan Tidak bisa Login</doc>
<kw name="Open Browser" library="SeleniumLibrary">
<arg>${LoginUrl}</arg>
<arg>${Browser}</arg>
<doc>Opens a new browser instance to the optional ``url``.</doc>
<msg timestamp="20220801 21:07:18.795" level="INFO">Opening browser 'Chrome' to base url 'https://opensource-demo.orangehrmlive.com/'.</msg>
<status status="PASS" starttime="20220801 21:07:18.795" endtime="20220801 21:07:28.044"/>
</kw>
<kw name="Input Text" library="SeleniumLibrary">
<arg>id:txtUsername</arg>
<arg>${userLogin}</arg>
<doc>Types the given ``text`` into the text field identified by ``locator``.</doc>
<msg timestamp="20220801 21:07:28.045" level="INFO">Typing text 'Admin' into text field 'id:txtUsername'.</msg>
<status status="PASS" starttime="20220801 21:07:28.044" endtime="20220801 21:07:28.155"/>
</kw>
<kw name="Input Text" library="SeleniumLibrary">
<arg>id:txtPassword</arg>
<arg>${password}</arg>
<doc>Types the given ``text`` into the text field identified by ``locator``.</doc>
<msg timestamp="20220801 21:07:28.155" level="INFO">Typing text 'admin123' into text field 'id:txtPassword'.</msg>
<status status="PASS" starttime="20220801 21:07:28.155" endtime="20220801 21:07:28.196"/>
</kw>
<kw name="Click Element" library="SeleniumLibrary">
<arg>id:btnLogin</arg>
<doc>Click the element identified by ``locator``.</doc>
<msg timestamp="20220801 21:07:28.196" level="INFO">Clicking element 'id:btnLogin'.</msg>
<status status="PASS" starttime="20220801 21:07:28.196" endtime="20220801 21:07:35.081"/>
</kw>
<kw name="Page Should Contain Image" library="SeleniumLibrary">
<arg>xpath://img[@alt="OrangeHRM"]</arg>
<doc>Verifies image identified by ``locator`` is found from current page.</doc>
<msg timestamp="20220801 21:07:35.091" level="INFO">Current page contains image 'xpath://img[@alt="OrangeHRM"]'.</msg>
<status status="PASS" starttime="20220801 21:07:35.081" endtime="20220801 21:07:35.091"/>
</kw>
<status status="PASS" starttime="20220801 21:07:18.794" endtime="20220801 21:07:35.091"/>
</kw>
<test id="s1-s12-t1" name="Admin Successfully Go to Time Menu" line="8">
<kw name="Click Time Menu" library="time.resource">
<kw name="Wait Until Element Is Visible" library="SeleniumLibrary">
<arg>id:menu_time_viewTimeModule</arg>
<arg>30s</arg>
<doc>Waits until the element ``locator`` is visible.</doc>
<status status="PASS" starttime="20220801 21:07:35.092" endtime="20220801 21:07:35.108"/>
</kw>
<kw name="Click Element" library="SeleniumLibrary">
<arg>id:menu_time_viewTimeModule</arg>
<doc>Click the element identified by ``locator``.</doc>
<msg timestamp="20220801 21:07:35.108" level="INFO">Clicking element 'id:menu_time_viewTimeModule'.</msg>
<status status="PASS" starttime="20220801 21:07:35.108" endtime="20220801 21:07:37.036"/>
</kw>
<status status="PASS" starttime="20220801 21:07:35.092" endtime="20220801 21:07:37.036"/>
</kw>
<kw name="Verify Time Menu Open" library="time.resource">
<kw name="Element Should Contain" library="SeleniumLibrary">
<arg>xpath://li[@class="selected"]/a</arg>
<arg>Timesheets</arg>
<doc>Verifies that element ``locator`` contains text ``expected``.</doc>
<msg timestamp="20220801 21:07:37.054" level="INFO">Element 'xpath://li[@class="selected"]/a' contains text 'Timesheets'.</msg>
<status status="PASS" starttime="20220801 21:07:37.037" endtime="20220801 21:07:37.054"/>
</kw>
<kw name="Element Should Contain" library="SeleniumLibrary">
<arg>xpath://div[@class="head"]/h1</arg>
<arg>Select Employee</arg>
<doc>Verifies that element ``locator`` contains text ``expected``.</doc>
<msg timestamp="20220801 21:07:37.068" level="INFO">Element 'xpath://div[@class="head"]/h1' contains text 'Select Employee'.</msg>
<status status="PASS" starttime="20220801 21:07:37.054" endtime="20220801 21:07:37.068"/>
</kw>
<status status="PASS" starttime="20220801 21:07:37.036" endtime="20220801 21:07:37.068"/>
</kw>
<tag>Positive</tag>
<status status="PASS" starttime="20220801 21:07:35.091" endtime="20220801 21:07:37.068"/>
</test>
<test id="s1-s12-t2" name="Admin Want to Select Employee Timesheets" line="13">
<kw name="Click Time Menu" library="time.resource">
<kw name="Wait Until Element Is Visible" library="SeleniumLibrary">
<arg>id:menu_time_viewTimeModule</arg>
<arg>30s</arg>
<doc>Waits until the element ``locator`` is visible.</doc>
<status status="PASS" starttime="20220801 21:07:37.069" endtime="20220801 21:07:37.081"/>
</kw>
<kw name="Click Element" library="SeleniumLibrary">
<arg>id:menu_time_viewTimeModule</arg>
<doc>Click the element identified by ``locator``.</doc>
<msg timestamp="20220801 21:07:37.081" level="INFO">Clicking element 'id:menu_time_viewTimeModule'.</msg>
<status status="PASS" starttime="20220801 21:07:37.081" endtime="20220801 21:07:38.764"/>
</kw>
<status status="PASS" starttime="20220801 21:07:37.069" endtime="20220801 21:07:38.764"/>
</kw>
<kw name="Input Employee Name Timesheet" library="time.resource">
<arg>${EmployeeName}</arg>
<kw name="Input Text" library="SeleniumLibrary">
<arg>id:employee</arg>
<arg>${emp}</arg>
<doc>Types the given ``text`` into the text field identified by ``locator``.</doc>
<msg timestamp="20220801 21:07:38.765" level="INFO">Typing text 'Charlie Carter' into text field 'id:employee'.</msg>
<status status="PASS" starttime="20220801 21:07:38.765" endtime="20220801 21:07:38.817"/>
</kw>
<kw name="Press Keys" library="SeleniumLibrary">
<arg>id:employee</arg>
<arg>RETURN</arg>
<doc>Simulates the user pressing key(s) to an element or on the active browser.</doc>
<msg timestamp="20220801 21:07:38.817" level="INFO">Sending key(s) ('RETURN',) to id:employee element.</msg>
<msg timestamp="20220801 21:07:39.090" level="INFO">Pressing special key RETURN to element.</msg>
<msg timestamp="20220801 21:07:39.090" level="INFO">Releasing special key RETURN.</msg>
<status status="PASS" starttime="20220801 21:07:38.817" endtime="20220801 21:07:39.102"/>
</kw>
<kw name="Sleep" library="BuiltIn">
<arg>1.5s</arg>
<doc>Pauses the test executed for the given time.</doc>
<msg timestamp="20220801 21:07:40.602" level="INFO">Slept 1 second 500 milliseconds</msg>
<status status="PASS" starttime="20220801 21:07:39.102" endtime="20220801 21:07:40.603"/>
</kw>
<status status="PASS" starttime="20220801 21:07:38.764" endtime="20220801 21:07:40.603"/>
</kw>
<kw name="Click View Button" library="time.resource">
<kw name="Click Element" library="SeleniumLibrary">
<arg>id:btnView</arg>
<doc>Click the element identified by ``locator``.</doc>
<msg timestamp="20220801 21:07:40.604" level="INFO">Clicking element 'id:btnView'.</msg>
<status status="PASS" starttime="20220801 21:07:40.604" endtime="20220801 21:07:42.970"/>
</kw>
<status status="PASS" starttime="20220801 21:07:40.603" endtime="20220801 21:07:42.970"/>
</kw>
<kw name="Verify Selected Employee Timesheets Viewed" library="time.resource">
<arg>${EmployeeName}</arg>
<kw name="Element Should Contain" library="SeleniumLibrary">
<arg>xpath://div[@class="top"]/h3</arg>
<arg>${emp}</arg>
<doc>Verifies that element ``locator`` contains text ``expected``.</doc>
<msg timestamp="20220801 21:07:42.986" level="INFO">Element 'xpath://div[@class="top"]/h3' contains text 'Charlie Carter'.</msg>
<status status="PASS" starttime="20220801 21:07:42.970" endtime="20220801 21:07:42.986"/>
</kw>
<status status="PASS" starttime="20220801 21:07:42.970" endtime="20220801 21:07:42.987"/>
</kw>
<tag>Positive</tag>
<status status="PASS" starttime="20220801 21:07:37.068" endtime="20220801 21:07:42.987"/>
</test>
<test id="s1-s12-t3" name="Admin Successfully Open Project Reports Menu" line="20">
<kw name="Click Time Menu" library="time.resource">
<kw name="Wait Until Element Is Visible" library="SeleniumLibrary">
<arg>id:menu_time_viewTimeModule</arg>
<arg>30s</arg>
<doc>Waits until the element ``locator`` is visible.</doc>
<status status="PASS" starttime="20220801 21:07:42.988" endtime="20220801 21:07:42.997"/>
</kw>
<kw name="Click Element" library="SeleniumLibrary">
<arg>id:menu_time_viewTimeModule</arg>
<doc>Click the element identified by ``locator``.</doc>
<msg timestamp="20220801 21:07:42.997" level="INFO">Clicking element 'id:menu_time_viewTimeModule'.</msg>
<status status="PASS" starttime="20220801 21:07:42.997" endtime="20220801 21:07:45.512"/>
</kw>
<status status="PASS" starttime="20220801 21:07:42.988" endtime="20220801 21:07:45.512"/>
</kw>
<kw name="Click Reports Sub Menu" library="time.resource">
<kw name="Click Element" library="SeleniumLibrary">
<arg>id:menu_time_Reports</arg>
<doc>Click the element identified by ``locator``.</doc>
<msg timestamp="20220801 21:07:45.513" level="INFO">Clicking element 'id:menu_time_Reports'.</msg>
<status status="PASS" starttime="20220801 21:07:45.513" endtime="20220801 21:07:45.547"/>
</kw>
<status status="PASS" starttime="20220801 21:07:45.512" endtime="20220801 21:07:45.547"/>
</kw>
<kw name="Click Project Reports Sub Menu" library="time.resource">
<kw name="Click Element" library="SeleniumLibrary">
<arg>id:menu_time_displayProjectReportCriteria</arg>
<doc>Click the element identified by ``locator``.</doc>
<msg timestamp="20220801 21:07:45.548" level="INFO">Clicking element 'id:menu_time_displayProjectReportCriteria'.</msg>
<status status="PASS" starttime="20220801 21:07:45.548" endtime="20220801 21:07:46.846"/>
</kw>
<status status="PASS" starttime="20220801 21:07:45.547" endtime="20220801 21:07:46.846"/>
</kw>
<kw name="Verify Project Reports Menu Open" library="time.resource">
<kw name="Element Should Contain" library="SeleniumLibrary">
<arg>xpath://li[@class="selected"]/a</arg>
<arg>Reports</arg>
<doc>Verifies that element ``locator`` contains text ``expected``.</doc>
<msg timestamp="20220801 21:07:46.861" level="INFO">Element 'xpath://li[@class="selected"]/a' contains text 'Reports'.</msg>
<status status="PASS" starttime="20220801 21:07:46.847" endtime="20220801 21:07:46.861"/>
</kw>
<kw name="Element Should Contain" library="SeleniumLibrary">
<arg>xpath://div[@class="head"]/h1</arg>
<arg>Project Report</arg>
<doc>Verifies that element ``locator`` contains text ``expected``.</doc>
<msg timestamp="20220801 21:07:46.872" level="INFO">Element 'xpath://div[@class="head"]/h1' contains text 'Project Report'.</msg>
<status status="PASS" starttime="20220801 21:07:46.861" endtime="20220801 21:07:46.872"/>
</kw>
<status status="PASS" starttime="20220801 21:07:46.847" endtime="20220801 21:07:46.872"/>
</kw>
<tag>Positive</tag>
<status status="PASS" starttime="20220801 21:07:42.987" endtime="20220801 21:07:46.873"/>
</test>
<test id="s1-s12-t4" name="Admin Successfully Open My Records Menu" line="27">
<kw name="Click Time Menu" library="time.resource">
<kw name="Wait Until Element Is Visible" library="SeleniumLibrary">
<arg>id:menu_time_viewTimeModule</arg>
<arg>30s</arg>
<doc>Waits until the element ``locator`` is visible.</doc>
<status status="PASS" starttime="20220801 21:07:46.873" endtime="20220801 21:07:46.883"/>
</kw>
<kw name="Click Element" library="SeleniumLibrary">
<arg>id:menu_time_viewTimeModule</arg>
<doc>Click the element identified by ``locator``.</doc>
<msg timestamp="20220801 21:07:46.883" level="INFO">Clicking element 'id:menu_time_viewTimeModule'.</msg>
<status status="PASS" starttime="20220801 21:07:46.883" endtime="20220801 21:07:48.125"/>
</kw>
<status status="PASS" starttime="20220801 21:07:46.873" endtime="20220801 21:07:48.125"/>
</kw>
<kw name="Click Attendance Sub Menu" library="time.resource">
<kw name="Click Element" library="SeleniumLibrary">
<arg>id:menu_attendance_Attendance</arg>
<doc>Click the element identified by ``locator``.</doc>
<msg timestamp="20220801 21:07:48.126" level="INFO">Clicking element 'id:menu_attendance_Attendance'.</msg>
<status status="PASS" starttime="20220801 21:07:48.125" endtime="20220801 21:07:48.163"/>
</kw>
<status status="PASS" starttime="20220801 21:07:48.125" endtime="20220801 21:07:48.163"/>
</kw>
<kw name="Click My Records Sub Menu" library="time.resource">
<kw name="Click Element" library="SeleniumLibrary">
<arg>id:menu_attendance_viewMyAttendanceRecord</arg>
<doc>Click the element identified by ``locator``.</doc>
<msg timestamp="20220801 21:07:48.163" level="INFO">Clicking element 'id:menu_attendance_viewMyAttendanceRecord'.</msg>
<status status="PASS" starttime="20220801 21:07:48.163" endtime="20220801 21:07:49.010"/>
</kw>
<status status="PASS" starttime="20220801 21:07:48.163" endtime="20220801 21:07:49.010"/>
</kw>
<kw name="Verify My Records Menu Open" library="time.resource">
<kw name="Element Should Contain" library="SeleniumLibrary">
<arg>xpath://li[@class="selected"]/a</arg>
<arg>Attendance</arg>
<doc>Verifies that element ``locator`` contains text ``expected``.</doc>
<msg timestamp="20220801 21:07:49.025" level="INFO">Element 'xpath://li[@class="selected"]/a' contains text 'Attendance'.</msg>
<status status="PASS" starttime="20220801 21:07:49.010" endtime="20220801 21:07:49.025"/>
</kw>
<kw name="Element Should Contain" library="SeleniumLibrary">
<arg>xpath://div[@class="head"]/h1</arg>
<arg>My Attendance Records</arg>
<doc>Verifies that element ``locator`` contains text ``expected``.</doc>
<msg timestamp="20220801 21:07:49.036" level="INFO">Element 'xpath://div[@class="head"]/h1' contains text 'My Attendance Records'.</msg>
<status status="PASS" starttime="20220801 21:07:49.025" endtime="20220801 21:07:49.036"/>
</kw>
<status status="PASS" starttime="20220801 21:07:49.010" endtime="20220801 21:07:49.036"/>
</kw>
<tag>Positive</tag>
<status status="PASS" starttime="20220801 21:07:46.873" endtime="20220801 21:07:49.036"/>
</test>
<test id="s1-s12-t5" name="Admin Successfully Open Customer Project Info" line="34">
<kw name="Click Time Menu" library="time.resource">
<kw name="Wait Until Element Is Visible" library="SeleniumLibrary">
<arg>id:menu_time_viewTimeModule</arg>
<arg>30s</arg>
<doc>Waits until the element ``locator`` is visible.</doc>
<status status="PASS" starttime="20220801 21:07:49.037" endtime="20220801 21:07:49.046"/>
</kw>
<kw name="Click Element" library="SeleniumLibrary">
<arg>id:menu_time_viewTimeModule</arg>
<doc>Click the element identified by ``locator``.</doc>
<msg timestamp="20220801 21:07:49.047" level="INFO">Clicking element 'id:menu_time_viewTimeModule'.</msg>
<status status="PASS" starttime="20220801 21:07:49.047" endtime="20220801 21:07:50.843"/>
</kw>
<status status="PASS" starttime="20220801 21:07:49.037" endtime="20220801 21:07:50.844"/>
</kw>
<kw name="Click Project Info Sub Menu" library="time.resource">
<kw name="Click Element" library="SeleniumLibrary">
<arg>id:menu_admin_ProjectInfo</arg>
<doc>Click the element identified by ``locator``.</doc>
<msg timestamp="20220801 21:07:50.844" level="INFO">Clicking element 'id:menu_admin_ProjectInfo'.</msg>
<status status="PASS" starttime="20220801 21:07:50.844" endtime="20220801 21:07:50.877"/>
</kw>
<status status="PASS" starttime="20220801 21:07:50.844" endtime="20220801 21:07:50.877"/>
</kw>
<kw name="Click Customer Sub Menu" library="time.resource">
<kw name="Click Element" library="SeleniumLibrary">
<arg>id:menu_admin_viewCustomers</arg>
<doc>Click the element identified by ``locator``.</doc>
<msg timestamp="20220801 21:07:50.878" level="INFO">Clicking element 'id:menu_admin_viewCustomers'.</msg>
<status status="PASS" starttime="20220801 21:07:50.878" endtime="20220801 21:07:52.523"/>
</kw>
<status status="PASS" starttime="20220801 21:07:50.878" endtime="20220801 21:07:52.524"/>
</kw>
<kw name="Verify Customer Project Info Menu Open" library="time.resource">
<kw name="Element Should Contain" library="SeleniumLibrary">
<arg>xpath://li[@class="selected"]/a</arg>
<arg>Project Info</arg>
<doc>Verifies that element ``locator`` contains text ``expected``.</doc>
<msg timestamp="20220801 21:07:52.544" level="INFO">Element 'xpath://li[@class="selected"]/a' contains text 'Project Info'.</msg>
<status status="PASS" starttime="20220801 21:07:52.525" endtime="20220801 21:07:52.544"/>
</kw>
<kw name="Element Should Contain" library="SeleniumLibrary">
<arg>xpath://div[@class="head"]/h1</arg>
<arg>Customers</arg>
<doc>Verifies that element ``locator`` contains text ``expected``.</doc>
<msg timestamp="20220801 21:07:52.555" level="INFO">Element 'xpath://div[@class="head"]/h1' contains text 'Customers'.</msg>
<status status="PASS" starttime="20220801 21:07:52.544" endtime="20220801 21:07:52.555"/>
</kw>
<status status="PASS" starttime="20220801 21:07:52.524" endtime="20220801 21:07:52.555"/>
</kw>
<tag>Positive</tag>
<status status="PASS" starttime="20220801 21:07:49.037" endtime="20220801 21:07:52.555"/>
</test>
<kw name="Close Browser" library="login.resource" type="TEARDOWN">
<kw name="Close All Browsers" library="SeleniumLibrary">
<doc>Closes all open browsers and resets the browser cache.</doc>
<status status="PASS" starttime="20220801 21:07:52.556" endtime="20220801 21:07:52.612"/>
</kw>
<status status="PASS" starttime="20220801 21:07:52.556" endtime="20220801 21:07:52.612"/>
</kw>
<status status="PASS" starttime="20220801 21:07:18.790" endtime="20220801 21:07:52.612"/>
</suite>
<status status="PASS" starttime="20220801 20:58:54.027" endtime="20220801 21:07:52.614"/>
</suite>
<statistics>
<total>
<stat pass="68" fail="0" skip="0">All Tests</stat>
</total>
<tag>
<stat pass="15" fail="0" skip="0">Negative</stat>
<stat pass="53" fail="0" skip="0">Positive</stat>
</tag>
<suite>
<stat pass="68" fail="0" skip="0" id="s1" name="Test">Test</stat>
<stat pass="16" fail="0" skip="0" id="s1-s1" name="Admin.Test">Test.Admin.Test</stat>
<stat pass="5" fail="0" skip="0" id="s1-s2" name="Buzz.Test">Test.Buzz.Test</stat>
<stat pass="6" fail="0" skip="0" id="s1-s3" name="Dashboard.Test">Test.Dashboard.Test</stat>
<stat pass="5" fail="0" skip="0" id="s1-s4" name="Directory.Test">Test.Directory.Test</stat>
<stat pass="7" fail="0" skip="0" id="s1-s5" name="Leave.Test">Test.Leave.Test</stat>
<stat pass="1" fail="0" skip="0" id="s1-s6" name="Login.Test">Test.Login.Test</stat>
<stat pass="3" fail="0" skip="0" id="s1-s7" name="Maintenance.Test">Test.Maintenance.Test</stat>
<stat pass="5" fail="0" skip="0" id="s1-s8" name="Myinfo.Test">Test.Myinfo.Test</stat>
<stat pass="5" fail="0" skip="0" id="s1-s9" name="Performance.Test">Test.Performance.Test</stat>
<stat pass="5" fail="0" skip="0" id="s1-s10" name="Pim.Test">Test.Pim.Test</stat>
<stat pass="5" fail="0" skip="0" id="s1-s11" name="Recruitment.Test">Test.Recruitment.Test</stat>
<stat pass="5" fail="0" skip="0" id="s1-s12" name="Time.Test">Test.Time.Test</stat>
</suite>
</statistics>
<errors>
</errors>
</robot>
